2022-03-20 22:54:10,297 [Worker-4: Loading available Gradle versions] INFO  o.e.b.c.i.u.g.PublishedGradleVersions - Gradle version information cache is up-to-date. Trying to read.
2022-03-20 22:55:19,463 [Worker-6: Import Getting Started Content] INFO  o.e.m.c.i.l.LifecycleMappingFactory - Using org.eclipse.m2e.jdt.JarLifecycleMapping lifecycle mapping for MavenProject: com.kitchenstory:KitchenStory:0.0.1-SNAPSHOT @ C:\Users\alaa_\OneDrive\Desktop\kitchen story\kitchen backend\KitchenStory\pom.xml.
2022-03-20 22:55:23,451 [Worker-6: Import Getting Started Content] INFO  o.e.m.j.i.AbstractJavaProjectConfigurator - Adding source folder /KitchenStory/src/main/java
2022-03-20 22:55:23,452 [Worker-6: Import Getting Started Content] INFO  o.e.m.j.i.AbstractJavaProjectConfigurator - Adding resource folder /KitchenStory/src/main/resources
2022-03-20 22:55:23,488 [Worker-6: Import Getting Started Content] INFO  o.e.m.j.i.AbstractJavaProjectConfigurator - Adding resource folder /KitchenStory/src/main/resources
2022-03-20 22:55:23,505 [Worker-6: Import Getting Started Content] INFO  o.e.m.j.i.AbstractJavaProjectConfigurator - Adding source folder /KitchenStory/src/test/java
2022-03-20 22:55:25,454 [Worker-6: Import Getting Started Content] INFO  o.e.m.c.i.p.ProjectConfigurationManager - Imported and configured 1 project(s) in 9 sec
2022-03-20 22:55:25,458 [Worker-6: Import Getting Started Content] INFO  o.e.m.c.i.p.ProjectConfigurationManager - Update started
2022-03-20 22:55:26,786 [Worker-6: Import Getting Started Content] INFO  o.e.m.c.i.l.LifecycleMappingFactory - Using org.eclipse.m2e.jdt.JarLifecycleMapping lifecycle mapping for MavenProject: com.kitchenstory:KitchenStory:0.0.1-SNAPSHOT @ C:\Users\alaa_\OneDrive\Desktop\kitchen story\kitchen backend\KitchenStory\pom.xml.
2022-03-20 22:55:27,973 [Worker-6: Import Getting Started Content] INFO  o.e.m.j.i.AbstractJavaProjectConfigurator - Adding source folder /KitchenStory/src/main/java
2022-03-20 22:55:27,973 [Worker-6: Import Getting Started Content] INFO  o.e.m.j.i.AbstractJavaProjectConfigurator - Adding resource folder /KitchenStory/src/main/resources
2022-03-20 22:55:27,974 [Worker-6: Import Getting Started Content] INFO  o.e.m.j.i.AbstractJavaProjectConfigurator - Adding resource folder /KitchenStory/src/main/resources
2022-03-20 22:55:27,976 [Worker-6: Import Getting Started Content] INFO  o.e.m.j.i.AbstractJavaProjectConfigurator - Adding source folder /KitchenStory/src/test/java
2022-03-20 22:55:28,448 [Worker-6: Import Getting Started Content] INFO  o.e.m.c.i.p.ProjectConfigurationManager - Update completed: 2 sec
2022-03-20 22:55:31,015 [Worker-4: Building workspace] INFO  o.e.m.c.i.embedder.EclipseLogger - Using 'UTF-8' encoding to copy filtered resources.
2022-03-20 22:55:31,016 [Worker-4: Building workspace] INFO  o.e.m.c.i.embedder.EclipseLogger - Using 'UTF-8' encoding to copy filtered properties files.
2022-03-20 22:55:31,026 [Worker-4: Building workspace] INFO  o.e.m.c.i.embedder.EclipseLogger - Copying 1 resource
2022-03-20 22:55:31,063 [Worker-4: Building workspace] INFO  o.e.m.c.i.embedder.EclipseLogger - Copying 0 resource
2022-03-20 22:55:31,094 [Worker-4: Building workspace] INFO  o.e.m.c.i.embedder.EclipseLogger - Using 'UTF-8' encoding to copy filtered resources.
2022-03-20 22:55:31,095 [Worker-4: Building workspace] INFO  o.e.m.c.i.embedder.EclipseLogger - Using 'UTF-8' encoding to copy filtered properties files.
2022-03-20 22:55:31,095 [Worker-4: Building workspace] INFO  o.e.m.c.i.embedder.EclipseLogger - skip non existing resourceDirectory C:\Users\alaa_\OneDrive\Desktop\kitchen story\kitchen backend\KitchenStory\src\test\resources
2022-03-20 22:56:50,950 [Worker-7: Building workspace] INFO  o.e.m.c.i.l.LifecycleMappingFactory - Using org.eclipse.m2e.jdt.JarLifecycleMapping lifecycle mapping for MavenProject: com.kitchenstory:KitchenStory:0.0.1-SNAPSHOT @ C:\Users\alaa_\OneDrive\Desktop\kitchen story\kitchen backend\KitchenStory\pom.xml.
2022-03-20 22:56:51,828 [Worker-7: Building workspace] INFO  o.e.m.c.i.embedder.EclipseLogger - Using 'UTF-8' encoding to copy filtered resources.
2022-03-20 22:56:51,829 [Worker-7: Building workspace] INFO  o.e.m.c.i.embedder.EclipseLogger - Using 'UTF-8' encoding to copy filtered properties files.
2022-03-20 22:56:51,834 [Worker-7: Building workspace] INFO  o.e.m.c.i.embedder.EclipseLogger - Copying 0 resource
2022-03-20 22:56:51,835 [Worker-7: Building workspace] INFO  o.e.m.c.i.embedder.EclipseLogger - Copying 0 resource
2022-03-20 22:56:51,838 [Worker-7: Building workspace] INFO  o.e.m.c.i.embedder.EclipseLogger - Using 'UTF-8' encoding to copy filtered resources.
2022-03-20 22:56:51,839 [Worker-7: Building workspace] INFO  o.e.m.c.i.embedder.EclipseLogger - Using 'UTF-8' encoding to copy filtered properties files.
2022-03-20 22:56:51,839 [Worker-7: Building workspace] INFO  o.e.m.c.i.embedder.EclipseLogger - skip non existing resourceDirectory C:\Users\alaa_\OneDrive\Desktop\kitchen story\kitchen backend\KitchenStory\src\test\resources
2022-03-20 22:56:54,439 [Worker-8: Building workspace] INFO  o.e.m.c.i.embedder.EclipseLogger - Using 'UTF-8' encoding to copy filtered resources.
2022-03-20 22:56:54,439 [Worker-8: Building workspace] INFO  o.e.m.c.i.embedder.EclipseLogger - Using 'UTF-8' encoding to copy filtered properties files.
2022-03-20 22:56:54,442 [Worker-8: Building workspace] INFO  o.e.m.c.i.embedder.EclipseLogger - Copying 1 resource
2022-03-20 22:56:54,466 [Worker-8: Building workspace] INFO  o.e.m.c.i.embedder.EclipseLogger - Copying 0 resource
2022-03-20 22:56:54,469 [Worker-8: Building workspace] INFO  o.e.m.c.i.embedder.EclipseLogger - Using 'UTF-8' encoding to copy filtered resources.
2022-03-20 22:56:54,469 [Worker-8: Building workspace] INFO  o.e.m.c.i.embedder.EclipseLogger - Using 'UTF-8' encoding to copy filtered properties files.
2022-03-20 22:56:54,469 [Worker-8: Building workspace] INFO  o.e.m.c.i.embedder.EclipseLogger - skip non existing resourceDirectory C:\Users\alaa_\OneDrive\Desktop\kitchen story\kitchen backend\KitchenStory\src\test\resources
2022-03-20 22:57:09,756 [Worker-4: Building workspace] INFO  o.e.m.c.i.embedder.EclipseLogger - Using 'UTF-8' encoding to copy filtered resources.
2022-03-20 22:57:09,756 [Worker-4: Building workspace] INFO  o.e.m.c.i.embedder.EclipseLogger - Using 'UTF-8' encoding to copy filtered properties files.
2022-03-20 22:57:09,757 [Worker-4: Building workspace] INFO  o.e.m.c.i.embedder.EclipseLogger - Copying 0 resource
2022-03-20 22:57:09,758 [Worker-4: Building workspace] INFO  o.e.m.c.i.embedder.EclipseLogger - Copying 0 resource
2022-03-20 22:57:09,762 [Worker-4: Building workspace] INFO  o.e.m.c.i.embedder.EclipseLogger - Using 'UTF-8' encoding to copy filtered resources.
2022-03-20 22:57:09,762 [Worker-4: Building workspace] INFO  o.e.m.c.i.embedder.EclipseLogger - Using 'UTF-8' encoding to copy filtered properties files.
2022-03-20 22:57:09,762 [Worker-4: Building workspace] INFO  o.e.m.c.i.embedder.EclipseLogger - skip non existing resourceDirectory C:\Users\alaa_\OneDrive\Desktop\kitchen story\kitchen backend\KitchenStory\src\test\resources
2022-03-20 22:57:22,804 [Worker-5: Building workspace] INFO  o.e.m.c.i.l.LifecycleMappingFactory - Using org.eclipse.m2e.jdt.JarLifecycleMapping lifecycle mapping for MavenProject: com.kitchenstory:KitchenStory:0.0.1-SNAPSHOT @ C:\Users\alaa_\OneDrive\Desktop\kitchen story\kitchen backend\KitchenStory\pom.xml.
2022-03-20 22:57:24,092 [Worker-5: Building workspace] INFO  o.e.m.c.i.embedder.EclipseLogger - Using 'UTF-8' encoding to copy filtered resources.
2022-03-20 22:57:24,092 [Worker-5: Building workspace] INFO  o.e.m.c.i.embedder.EclipseLogger - Using 'UTF-8' encoding to copy filtered properties files.
2022-03-20 22:57:24,136 [Worker-5: Building workspace] INFO  o.e.m.c.i.embedder.EclipseLogger - Copying 0 resource
2022-03-20 22:57:24,137 [Worker-5: Building workspace] INFO  o.e.m.c.i.embedder.EclipseLogger - Copying 0 resource
2022-03-20 22:57:24,141 [Worker-5: Building workspace] INFO  o.e.m.c.i.embedder.EclipseLogger - Using 'UTF-8' encoding to copy filtered resources.
2022-03-20 22:57:24,142 [Worker-5: Building workspace] INFO  o.e.m.c.i.embedder.EclipseLogger - Using 'UTF-8' encoding to copy filtered properties files.
2022-03-20 22:57:24,142 [Worker-5: Building workspace] INFO  o.e.m.c.i.embedder.EclipseLogger - skip non existing resourceDirectory C:\Users\alaa_\OneDrive\Desktop\kitchen story\kitchen backend\KitchenStory\src\test\resources
2022-03-20 22:57:24,153 [Worker-10: Updating KitchenStory Sources] INFO  o.e.m.c.i.p.ProjectConfigurationManager - Update started
2022-03-20 22:57:25,483 [Worker-10: Updating KitchenStory Sources] INFO  o.e.m.c.i.l.LifecycleMappingFactory - Using org.eclipse.m2e.jdt.JarLifecycleMapping lifecycle mapping for MavenProject: com.kitchenstory:KitchenStory:0.0.1-SNAPSHOT @ C:\Users\alaa_\OneDrive\Desktop\kitchen story\kitchen backend\KitchenStory\pom.xml.
2022-03-20 22:57:26,621 [Worker-10: Updating KitchenStory Sources] INFO  o.e.m.j.i.AbstractJavaProjectConfigurator - Adding source folder /KitchenStory/src/main/java
2022-03-20 22:57:26,621 [Worker-10: Updating KitchenStory Sources] INFO  o.e.m.j.i.AbstractJavaProjectConfigurator - Adding resource folder /KitchenStory/src/main/resources
2022-03-20 22:57:26,622 [Worker-10: Updating KitchenStory Sources] INFO  o.e.m.j.i.AbstractJavaProjectConfigurator - Adding resource folder /KitchenStory/src/main/resources
2022-03-20 22:57:26,623 [Worker-10: Updating KitchenStory Sources] INFO  o.e.m.j.i.AbstractJavaProjectConfigurator - Adding source folder /KitchenStory/src/test/java
2022-03-20 22:57:27,491 [Worker-10: Updating KitchenStory Sources] INFO  o.e.m.c.i.p.ProjectConfigurationManager - Update completed: 3 sec
2022-03-20 22:57:29,589 [Worker-6: Building workspace] INFO  o.e.m.c.i.embedder.EclipseLogger - Using 'UTF-8' encoding to copy filtered resources.
2022-03-20 22:57:29,589 [Worker-6: Building workspace] INFO  o.e.m.c.i.embedder.EclipseLogger - Using 'UTF-8' encoding to copy filtered properties files.
2022-03-20 22:57:29,590 [Worker-6: Building workspace] INFO  o.e.m.c.i.embedder.EclipseLogger - Copying 1 resource
2022-03-20 22:57:29,615 [Worker-6: Building workspace] INFO  o.e.m.c.i.embedder.EclipseLogger - Copying 0 resource
2022-03-20 22:57:29,620 [Worker-6: Building workspace] INFO  o.e.m.c.i.embedder.EclipseLogger - Using 'UTF-8' encoding to copy filtered resources.
2022-03-20 22:57:29,620 [Worker-6: Building workspace] INFO  o.e.m.c.i.embedder.EclipseLogger - Using 'UTF-8' encoding to copy filtered properties files.
2022-03-20 22:57:29,620 [Worker-6: Building workspace] INFO  o.e.m.c.i.embedder.EclipseLogger - skip non existing resourceDirectory C:\Users\alaa_\OneDrive\Desktop\kitchen story\kitchen backend\KitchenStory\src\test\resources
2022-03-20 22:58:00,971 [Worker-4: Building workspace] INFO  o.e.m.c.i.embedder.EclipseLogger - Using 'UTF-8' encoding to copy filtered resources.
2022-03-20 22:58:00,971 [Worker-4: Building workspace] INFO  o.e.m.c.i.embedder.EclipseLogger - Using 'UTF-8' encoding to copy filtered properties files.
2022-03-20 22:58:00,973 [Worker-4: Building workspace] INFO  o.e.m.c.i.embedder.EclipseLogger - Copying 0 resource
2022-03-20 22:58:00,973 [Worker-4: Building workspace] INFO  o.e.m.c.i.embedder.EclipseLogger - Copying 0 resource
2022-03-20 22:58:00,976 [Worker-4: Building workspace] INFO  o.e.m.c.i.embedder.EclipseLogger - Using 'UTF-8' encoding to copy filtered resources.
2022-03-20 22:58:00,976 [Worker-4: Building workspace] INFO  o.e.m.c.i.embedder.EclipseLogger - Using 'UTF-8' encoding to copy filtered properties files.
2022-03-20 22:58:00,976 [Worker-4: Building workspace] INFO  o.e.m.c.i.embedder.EclipseLogger - skip non existing resourceDirectory C:\Users\alaa_\OneDrive\Desktop\kitchen story\kitchen backend\KitchenStory\src\test\resources
2022-03-20 22:58:07,139 [Worker-6: Building workspace] INFO  o.e.m.c.i.embedder.EclipseLogger - Using 'UTF-8' encoding to copy filtered resources.
2022-03-20 22:58:07,140 [Worker-6: Building workspace] INFO  o.e.m.c.i.embedder.EclipseLogger - Using 'UTF-8' encoding to copy filtered properties files.
2022-03-20 22:58:07,141 [Worker-6: Building workspace] INFO  o.e.m.c.i.embedder.EclipseLogger - Copying 1 resource
2022-03-20 22:58:07,144 [Worker-6: Building workspace] INFO  o.e.m.c.i.embedder.EclipseLogger - Copying 0 resource
2022-03-20 22:58:07,147 [Worker-6: Building workspace] INFO  o.e.m.c.i.embedder.EclipseLogger - Using 'UTF-8' encoding to copy filtered resources.
2022-03-20 22:58:07,148 [Worker-6: Building workspace] INFO  o.e.m.c.i.embedder.EclipseLogger - Using 'UTF-8' encoding to copy filtered properties files.
2022-03-20 22:58:07,148 [Worker-6: Building workspace] INFO  o.e.m.c.i.embedder.EclipseLogger - skip non existing resourceDirectory C:\Users\alaa_\OneDrive\Desktop\kitchen story\kitchen backend\KitchenStory\src\test\resources
2022-03-20 22:59:11,994 [Worker-6: Building workspace] INFO  o.e.m.c.i.embedder.EclipseLogger - Using 'UTF-8' encoding to copy filtered resources.
2022-03-20 22:59:11,994 [Worker-6: Building workspace] INFO  o.e.m.c.i.embedder.EclipseLogger - Using 'UTF-8' encoding to copy filtered properties files.
2022-03-20 22:59:11,996 [Worker-6: Building workspace] INFO  o.e.m.c.i.embedder.EclipseLogger - Copying 1 resource
2022-03-20 22:59:12,027 [Worker-6: Building workspace] INFO  o.e.m.c.i.embedder.EclipseLogger - Copying 0 resource
2022-03-20 22:59:12,031 [Worker-6: Building workspace] INFO  o.e.m.c.i.embedder.EclipseLogger - Using 'UTF-8' encoding to copy filtered resources.
2022-03-20 22:59:12,031 [Worker-6: Building workspace] INFO  o.e.m.c.i.embedder.EclipseLogger - Using 'UTF-8' encoding to copy filtered properties files.
2022-03-20 22:59:12,031 [Worker-6: Building workspace] INFO  o.e.m.c.i.embedder.EclipseLogger - skip non existing resourceDirectory C:\Users\alaa_\OneDrive\Desktop\kitchen story\kitchen backend\KitchenStory\src\test\resources
2022-03-20 22:59:23,725 [Worker-2: Building Workspace] INFO  o.e.m.c.i.embedder.EclipseLogger - Using 'UTF-8' encoding to copy filtered resources.
2022-03-20 22:59:23,725 [Worker-2: Building Workspace] INFO  o.e.m.c.i.embedder.EclipseLogger - Using 'UTF-8' encoding to copy filtered properties files.
2022-03-20 22:59:23,728 [Worker-2: Building Workspace] INFO  o.e.m.c.i.embedder.EclipseLogger - Copying 1 resource
2022-03-20 22:59:23,758 [Worker-2: Building Workspace] INFO  o.e.m.c.i.embedder.EclipseLogger - Copying 0 resource
2022-03-20 22:59:23,760 [Worker-2: Building Workspace] INFO  o.e.m.c.i.embedder.EclipseLogger - Using 'UTF-8' encoding to copy filtered resources.
2022-03-20 22:59:23,762 [Worker-2: Building Workspace] INFO  o.e.m.c.i.embedder.EclipseLogger - Using 'UTF-8' encoding to copy filtered properties files.
2022-03-20 22:59:23,768 [Worker-2: Building Workspace] INFO  o.e.m.c.i.embedder.EclipseLogger - skip non existing resourceDirectory C:\Users\alaa_\OneDrive\Desktop\kitchen story\kitchen backend\KitchenStory\src\test\resources
2022-03-20 22:59:39,117 [Worker-3: Building workspace] INFO  o.e.m.c.i.embedder.EclipseLogger - Using 'UTF-8' encoding to copy filtered resources.
2022-03-20 22:59:39,117 [Worker-3: Building workspace] INFO  o.e.m.c.i.embedder.EclipseLogger - Using 'UTF-8' encoding to copy filtered properties files.
2022-03-20 22:59:39,119 [Worker-3: Building workspace] INFO  o.e.m.c.i.embedder.EclipseLogger - Copying 1 resource
2022-03-20 22:59:39,250 [Worker-3: Building workspace] INFO  o.e.m.c.i.embedder.EclipseLogger - Copying 0 resource
2022-03-20 22:59:39,254 [Worker-3: Building workspace] INFO  o.e.m.c.i.embedder.EclipseLogger - Using 'UTF-8' encoding to copy filtered resources.
2022-03-20 22:59:39,255 [Worker-3: Building workspace] INFO  o.e.m.c.i.embedder.EclipseLogger - Using 'UTF-8' encoding to copy filtered properties files.
2022-03-20 22:59:39,255 [Worker-3: Building workspace] INFO  o.e.m.c.i.embedder.EclipseLogger - skip non existing resourceDirectory C:\Users\alaa_\OneDrive\Desktop\kitchen story\kitchen backend\KitchenStory\src\test\resources
2022-03-20 22:59:50,010 [Worker-2: Building workspace] INFO  o.e.m.c.i.embedder.EclipseLogger - Using 'UTF-8' encoding to copy filtered resources.
2022-03-20 22:59:50,010 [Worker-2: Building workspace] INFO  o.e.m.c.i.embedder.EclipseLogger - Using 'UTF-8' encoding to copy filtered properties files.
2022-03-20 22:59:50,012 [Worker-2: Building workspace] INFO  o.e.m.c.i.embedder.EclipseLogger - Copying 1 resource
2022-03-20 22:59:50,023 [Worker-2: Building workspace] INFO  o.e.m.c.i.embedder.EclipseLogger - Copying 0 resource
2022-03-20 22:59:50,025 [Worker-2: Building workspace] INFO  o.e.m.c.i.embedder.EclipseLogger - Using 'UTF-8' encoding to copy filtered resources.
2022-03-20 22:59:50,026 [Worker-2: Building workspace] INFO  o.e.m.c.i.embedder.EclipseLogger - Using 'UTF-8' encoding to copy filtered properties files.
2022-03-20 22:59:50,026 [Worker-2: Building workspace] INFO  o.e.m.c.i.embedder.EclipseLogger - skip non existing resourceDirectory C:\Users\alaa_\OneDrive\Desktop\kitchen story\kitchen backend\KitchenStory\src\test\resources
2022-03-20 22:59:57,944 [Worker-8: Building workspace] INFO  o.e.m.c.i.embedder.EclipseLogger - Using 'UTF-8' encoding to copy filtered resources.
2022-03-20 22:59:57,945 [Worker-8: Building workspace] INFO  o.e.m.c.i.embedder.EclipseLogger - Using 'UTF-8' encoding to copy filtered properties files.
2022-03-20 22:59:57,947 [Worker-8: Building workspace] INFO  o.e.m.c.i.embedder.EclipseLogger - Copying 1 resource
2022-03-20 22:59:57,989 [Worker-8: Building workspace] INFO  o.e.m.c.i.embedder.EclipseLogger - Copying 0 resource
2022-03-20 22:59:57,995 [Worker-8: Building workspace] INFO  o.e.m.c.i.embedder.EclipseLogger - Using 'UTF-8' encoding to copy filtered resources.
2022-03-20 22:59:57,996 [Worker-8: Building workspace] INFO  o.e.m.c.i.embedder.EclipseLogger - Using 'UTF-8' encoding to copy filtered properties files.
2022-03-20 22:59:57,996 [Worker-8: Building workspace] INFO  o.e.m.c.i.embedder.EclipseLogger - skip non existing resourceDirectory C:\Users\alaa_\OneDrive\Desktop\kitchen story\kitchen backend\KitchenStory\src\test\resources
2022-03-20 23:00:07,923 [Worker-12: Building workspace] INFO  o.e.m.c.i.embedder.EclipseLogger - Using 'UTF-8' encoding to copy filtered resources.
2022-03-20 23:00:07,923 [Worker-12: Building workspace] INFO  o.e.m.c.i.embedder.EclipseLogger - Using 'UTF-8' encoding to copy filtered properties files.
2022-03-20 23:00:07,925 [Worker-12: Building workspace] INFO  o.e.m.c.i.embedder.EclipseLogger - Copying 1 resource
2022-03-20 23:00:07,940 [Worker-12: Building workspace] INFO  o.e.m.c.i.embedder.EclipseLogger - Copying 0 resource
2022-03-20 23:00:07,944 [Worker-12: Building workspace] INFO  o.e.m.c.i.embedder.EclipseLogger - Using 'UTF-8' encoding to copy filtered resources.
2022-03-20 23:00:07,944 [Worker-12: Building workspace] INFO  o.e.m.c.i.embedder.EclipseLogger - Using 'UTF-8' encoding to copy filtered properties files.
2022-03-20 23:00:07,944 [Worker-12: Building workspace] INFO  o.e.m.c.i.embedder.EclipseLogger - skip non existing resourceDirectory C:\Users\alaa_\OneDrive\Desktop\kitchen story\kitchen backend\KitchenStory\src\test\resources
2022-03-20 23:00:20,699 [Worker-5: Building workspace] INFO  o.e.m.c.i.embedder.EclipseLogger - Using 'UTF-8' encoding to copy filtered resources.
2022-03-20 23:00:20,700 [Worker-5: Building workspace] INFO  o.e.m.c.i.embedder.EclipseLogger - Using 'UTF-8' encoding to copy filtered properties files.
2022-03-20 23:00:20,701 [Worker-5: Building workspace] INFO  o.e.m.c.i.embedder.EclipseLogger - Copying 1 resource
2022-03-20 23:00:20,714 [Worker-5: Building workspace] INFO  o.e.m.c.i.embedder.EclipseLogger - Copying 0 resource
2022-03-20 23:00:20,717 [Worker-5: Building workspace] INFO  o.e.m.c.i.embedder.EclipseLogger - Using 'UTF-8' encoding to copy filtered resources.
2022-03-20 23:00:20,717 [Worker-5: Building workspace] INFO  o.e.m.c.i.embedder.EclipseLogger - Using 'UTF-8' encoding to copy filtered properties files.
2022-03-20 23:00:20,718 [Worker-5: Building workspace] INFO  o.e.m.c.i.embedder.EclipseLogger - skip non existing resourceDirectory C:\Users\alaa_\OneDrive\Desktop\kitchen story\kitchen backend\KitchenStory\src\test\resources
2022-03-20 23:00:26,933 [Worker-7: Building workspace] INFO  o.e.m.c.i.embedder.EclipseLogger - Using 'UTF-8' encoding to copy filtered resources.
2022-03-20 23:00:26,933 [Worker-7: Building workspace] INFO  o.e.m.c.i.embedder.EclipseLogger - Using 'UTF-8' encoding to copy filtered properties files.
2022-03-20 23:00:26,935 [Worker-7: Building workspace] INFO  o.e.m.c.i.embedder.EclipseLogger - Copying 1 resource
2022-03-20 23:00:26,958 [Worker-7: Building workspace] INFO  o.e.m.c.i.embedder.EclipseLogger - Copying 0 resource
2022-03-20 23:00:26,964 [Worker-7: Building workspace] INFO  o.e.m.c.i.embedder.EclipseLogger - Using 'UTF-8' encoding to copy filtered resources.
2022-03-20 23:00:26,964 [Worker-7: Building workspace] INFO  o.e.m.c.i.embedder.EclipseLogger - Using 'UTF-8' encoding to copy filtered properties files.
2022-03-20 23:00:26,964 [Worker-7: Building workspace] INFO  o.e.m.c.i.embedder.EclipseLogger - skip non existing resourceDirectory C:\Users\alaa_\OneDrive\Desktop\kitchen story\kitchen backend\KitchenStory\src\test\resources
2022-03-20 23:00:42,030 [Worker-10: Building workspace] INFO  o.e.m.c.i.embedder.EclipseLogger - Using 'UTF-8' encoding to copy filtered resources.
2022-03-20 23:00:42,030 [Worker-10: Building workspace] INFO  o.e.m.c.i.embedder.EclipseLogger - Using 'UTF-8' encoding to copy filtered properties files.
2022-03-20 23:00:42,032 [Worker-10: Building workspace] INFO  o.e.m.c.i.embedder.EclipseLogger - Copying 1 resource
2022-03-20 23:00:42,043 [Worker-10: Building workspace] INFO  o.e.m.c.i.embedder.EclipseLogger - Copying 0 resource
2022-03-20 23:00:42,046 [Worker-10: Building workspace] INFO  o.e.m.c.i.embedder.EclipseLogger - Using 'UTF-8' encoding to copy filtered resources.
2022-03-20 23:00:42,046 [Worker-10: Building workspace] INFO  o.e.m.c.i.embedder.EclipseLogger - Using 'UTF-8' encoding to copy filtered properties files.
2022-03-20 23:00:42,046 [Worker-10: Building workspace] INFO  o.e.m.c.i.embedder.EclipseLogger - skip non existing resourceDirectory C:\Users\alaa_\OneDrive\Desktop\kitchen story\kitchen backend\KitchenStory\src\test\resources
2022-03-20 23:00:51,543 [Worker-5: Building workspace] INFO  o.e.m.c.i.embedder.EclipseLogger - Using 'UTF-8' encoding to copy filtered resources.
2022-03-20 23:00:51,543 [Worker-5: Building workspace] INFO  o.e.m.c.i.embedder.EclipseLogger - Using 'UTF-8' encoding to copy filtered properties files.
2022-03-20 23:00:51,544 [Worker-5: Building workspace] INFO  o.e.m.c.i.embedder.EclipseLogger - Copying 1 resource
2022-03-20 23:00:51,560 [Worker-5: Building workspace] INFO  o.e.m.c.i.embedder.EclipseLogger - Copying 0 resource
2022-03-20 23:00:51,563 [Worker-5: Building workspace] INFO  o.e.m.c.i.embedder.EclipseLogger - Using 'UTF-8' encoding to copy filtered resources.
2022-03-20 23:00:51,563 [Worker-5: Building workspace] INFO  o.e.m.c.i.embedder.EclipseLogger - Using 'UTF-8' encoding to copy filtered properties files.
2022-03-20 23:00:51,563 [Worker-5: Building workspace] INFO  o.e.m.c.i.embedder.EclipseLogger - skip non existing resourceDirectory C:\Users\alaa_\OneDrive\Desktop\kitchen story\kitchen backend\KitchenStory\src\test\resources
2022-03-20 23:01:00,465 [Worker-3: Launching Executing clean in C__Users_alaa__OneDrive_Desktop_kitchen story_kitchen backend_KitchenStory] INFO  o.e.m.i.launch.MavenLaunchDelegate - C:\Users\alaa_\OneDrive\Desktop\kitchen story\kitchen backend\KitchenStory
2022-03-20 23:01:00,466 [Worker-3: Launching Executing clean in C__Users_alaa__OneDrive_Desktop_kitchen story_kitchen backend_KitchenStory] INFO  o.e.m.i.launch.MavenLaunchDelegate -  mvn -B clean -Dstyle.color=always
2022-03-20 23:01:04,018 [Worker-2: Building workspace] INFO  o.e.m.c.i.embedder.EclipseLogger - Using 'UTF-8' encoding to copy filtered resources.
2022-03-20 23:01:04,018 [Worker-2: Building workspace] INFO  o.e.m.c.i.embedder.EclipseLogger - Using 'UTF-8' encoding to copy filtered properties files.
2022-03-20 23:01:04,019 [Worker-2: Building workspace] INFO  o.e.m.c.i.embedder.EclipseLogger - Copying 1 resource
2022-03-20 23:01:04,022 [Worker-2: Building workspace] INFO  o.e.m.c.i.embedder.EclipseLogger - Copying 0 resource
2022-03-20 23:01:04,024 [Worker-2: Building workspace] INFO  o.e.m.c.i.embedder.EclipseLogger - Using 'UTF-8' encoding to copy filtered resources.
2022-03-20 23:01:04,024 [Worker-2: Building workspace] INFO  o.e.m.c.i.embedder.EclipseLogger - Using 'UTF-8' encoding to copy filtered properties files.
2022-03-20 23:01:04,024 [Worker-2: Building workspace] INFO  o.e.m.c.i.embedder.EclipseLogger - skip non existing resourceDirectory C:\Users\alaa_\OneDrive\Desktop\kitchen story\kitchen backend\KitchenStory\src\test\resources
2022-03-20 23:01:09,693 [Worker-11: Launching Executing install in C__Users_alaa__OneDrive_Desktop_kitchen story_kitchen backend_KitchenStory] INFO  o.e.m.i.launch.MavenLaunchDelegate - C:\Users\alaa_\OneDrive\Desktop\kitchen story\kitchen backend\KitchenStory
2022-03-20 23:01:09,694 [Worker-11: Launching Executing install in C__Users_alaa__OneDrive_Desktop_kitchen story_kitchen backend_KitchenStory] INFO  o.e.m.i.launch.MavenLaunchDelegate -  mvn -B install -Dstyle.color=always
2022-03-20 23:01:15,323 [Worker-10: Building workspace] INFO  o.e.m.c.i.embedder.EclipseLogger - Using 'UTF-8' encoding to copy filtered resources.
2022-03-20 23:01:15,323 [Worker-10: Building workspace] INFO  o.e.m.c.i.embedder.EclipseLogger - Using 'UTF-8' encoding to copy filtered properties files.
2022-03-20 23:01:15,325 [Worker-10: Building workspace] INFO  o.e.m.c.i.embedder.EclipseLogger - Copying 1 resource
2022-03-20 23:01:15,328 [Worker-10: Building workspace] INFO  o.e.m.c.i.embedder.EclipseLogger - Copying 0 resource
2022-03-20 23:01:15,330 [Worker-10: Building workspace] INFO  o.e.m.c.i.embedder.EclipseLogger - Using 'UTF-8' encoding to copy filtered resources.
2022-03-20 23:01:15,331 [Worker-10: Building workspace] INFO  o.e.m.c.i.embedder.EclipseLogger - Using 'UTF-8' encoding to copy filtered properties files.
2022-03-20 23:01:15,331 [Worker-10: Building workspace] INFO  o.e.m.c.i.embedder.EclipseLogger - skip non existing resourceDirectory C:\Users\alaa_\OneDrive\Desktop\kitchen story\kitchen backend\KitchenStory\src\test\resources
2022-03-20 23:01:24,353 [Worker-8: Building workspace] INFO  o.e.m.c.i.embedder.EclipseLogger - Using 'UTF-8' encoding to copy filtered resources.
2022-03-20 23:01:24,354 [Worker-8: Building workspace] INFO  o.e.m.c.i.embedder.EclipseLogger - Using 'UTF-8' encoding to copy filtered properties files.
2022-03-20 23:01:24,356 [Worker-8: Building workspace] INFO  o.e.m.c.i.embedder.EclipseLogger - Copying 1 resource
2022-03-20 23:01:24,401 [Worker-8: Building workspace] INFO  o.e.m.c.i.embedder.EclipseLogger - Copying 0 resource
2022-03-20 23:01:24,417 [Worker-8: Building workspace] INFO  o.e.m.c.i.embedder.EclipseLogger - Using 'UTF-8' encoding to copy filtered resources.
2022-03-20 23:01:24,417 [Worker-8: Building workspace] INFO  o.e.m.c.i.embedder.EclipseLogger - Using 'UTF-8' encoding to copy filtered properties files.
2022-03-20 23:01:24,418 [Worker-8: Building workspace] INFO  o.e.m.c.i.embedder.EclipseLogger - skip non existing resourceDirectory C:\Users\alaa_\OneDrive\Desktop\kitchen story\kitchen backend\KitchenStory\src\test\resources
2022-03-20 23:01:30,955 [Worker-4: Launching Executing install in C__Users_alaa__OneDrive_Desktop_kitchen story_kitchen backend_KitchenStory] INFO  o.e.m.i.launch.MavenLaunchDelegate - C:\Users\alaa_\OneDrive\Desktop\kitchen story\kitchen backend\KitchenStory
2022-03-20 23:01:30,955 [Worker-4: Launching Executing install in C__Users_alaa__OneDrive_Desktop_kitchen story_kitchen backend_KitchenStory] INFO  o.e.m.i.launch.MavenLaunchDelegate -  mvn -B install -Dstyle.color=always
2022-03-20 23:01:40,962 [Worker-3: Building workspace] INFO  o.e.m.c.i.embedder.EclipseLogger - Using 'UTF-8' encoding to copy filtered resources.
2022-03-20 23:01:40,963 [Worker-3: Building workspace] INFO  o.e.m.c.i.embedder.EclipseLogger - Using 'UTF-8' encoding to copy filtered properties files.
2022-03-20 23:01:40,963 [Worker-3: Building workspace] INFO  o.e.m.c.i.embedder.EclipseLogger - Copying 0 resource
2022-03-20 23:01:40,963 [Worker-3: Building workspace] INFO  o.e.m.c.i.embedder.EclipseLogger - Copying 0 resource
2022-03-20 23:01:40,965 [Worker-3: Building workspace] INFO  o.e.m.c.i.embedder.EclipseLogger - Using 'UTF-8' encoding to copy filtered resources.
2022-03-20 23:01:40,966 [Worker-3: Building workspace] INFO  o.e.m.c.i.embedder.EclipseLogger - Using 'UTF-8' encoding to copy filtered properties files.
2022-03-20 23:01:40,966 [Worker-3: Building workspace] INFO  o.e.m.c.i.embedder.EclipseLogger - skip non existing resourceDirectory C:\Users\alaa_\OneDrive\Desktop\kitchen story\kitchen backend\KitchenStory\src\test\resources
2022-03-20 23:01:47,513 [Worker-4: Launching KitchenStory - KitchenStoryApplication] INFO  o.e.m.c.i.embedder.EclipseLogger - Using 'UTF-8' encoding to copy filtered resources.
2022-03-20 23:01:47,513 [Worker-4: Launching KitchenStory - KitchenStoryApplication] INFO  o.e.m.c.i.embedder.EclipseLogger - Using 'UTF-8' encoding to copy filtered properties files.
2022-03-20 23:01:47,513 [Worker-4: Launching KitchenStory - KitchenStoryApplication] INFO  o.e.m.c.i.embedder.EclipseLogger - Copying 1 resource
2022-03-20 23:01:47,528 [Worker-4: Launching KitchenStory - KitchenStoryApplication] INFO  o.e.m.c.i.embedder.EclipseLogger - Copying 0 resource
2022-03-20 23:01:47,531 [Worker-4: Launching KitchenStory - KitchenStoryApplication] INFO  o.e.m.c.i.embedder.EclipseLogger - Using 'UTF-8' encoding to copy filtered resources.
2022-03-20 23:01:47,532 [Worker-4: Launching KitchenStory - KitchenStoryApplication] INFO  o.e.m.c.i.embedder.EclipseLogger - Using 'UTF-8' encoding to copy filtered properties files.
2022-03-20 23:01:47,532 [Worker-4: Launching KitchenStory - KitchenStoryApplication] INFO  o.e.m.c.i.embedder.EclipseLogger - skip non existing resourceDirectory C:\Users\alaa_\OneDrive\Desktop\kitchen story\kitchen backend\KitchenStory\src\test\resources
2022-03-20 23:02:48,667 [Worker-10: Building workspace] INFO  o.e.m.c.i.embedder.EclipseLogger - Using 'UTF-8' encoding to copy filtered resources.
2022-03-20 23:02:48,667 [Worker-10: Building workspace] INFO  o.e.m.c.i.embedder.EclipseLogger - Using 'UTF-8' encoding to copy filtered properties files.
2022-03-20 23:02:48,667 [Worker-10: Building workspace] INFO  o.e.m.c.i.embedder.EclipseLogger - Copying 1 resource
2022-03-20 23:02:48,667 [Worker-10: Building workspace] INFO  o.e.m.c.i.embedder.EclipseLogger - Copying 0 resource
2022-03-20 23:02:48,667 [Worker-10: Building workspace] INFO  o.e.m.c.i.embedder.EclipseLogger - Using 'UTF-8' encoding to copy filtered resources.
2022-03-20 23:02:48,667 [Worker-10: Building workspace] INFO  o.e.m.c.i.embedder.EclipseLogger - Using 'UTF-8' encoding to copy filtered properties files.
2022-03-20 23:02:48,667 [Worker-10: Building workspace] INFO  o.e.m.c.i.embedder.EclipseLogger - skip non existing resourceDirectory C:\Users\alaa_\OneDrive\Desktop\kitchen story\kitchen backend\KitchenStory\src\test\resources
2022-03-20 23:56:51,508 [Worker-17: Building workspace] INFO  o.e.m.c.i.embedder.EclipseLogger - Using 'UTF-8' encoding to copy filtered resources.
2022-03-20 23:56:51,508 [Worker-17: Building workspace] INFO  o.e.m.c.i.embedder.EclipseLogger - Using 'UTF-8' encoding to copy filtered properties files.
2022-03-20 23:56:51,508 [Worker-17: Building workspace] INFO  o.e.m.c.i.embedder.EclipseLogger - Copying 1 resource
2022-03-20 23:56:51,899 [Worker-17: Building workspace] INFO  o.e.m.c.i.embedder.EclipseLogger - Copying 0 resource
2022-03-20 23:56:51,948 [Worker-17: Building workspace] INFO  o.e.m.c.i.embedder.EclipseLogger - Using 'UTF-8' encoding to copy filtered resources.
2022-03-20 23:56:51,948 [Worker-17: Building workspace] INFO  o.e.m.c.i.embedder.EclipseLogger - Using 'UTF-8' encoding to copy filtered properties files.
2022-03-20 23:56:51,948 [Worker-17: Building workspace] INFO  o.e.m.c.i.embedder.EclipseLogger - skip non existing resourceDirectory C:\Users\alaa_\OneDrive\Desktop\kitchen story\kitchen backend\KitchenStory\src\test\resources
2022-03-21 17:00:27,253 [Worker-25: Building workspace] INFO  o.e.m.c.i.embedder.EclipseLogger - Using 'UTF-8' encoding to copy filtered resources.
2022-03-21 17:00:27,253 [Worker-25: Building workspace] INFO  o.e.m.c.i.embedder.EclipseLogger - Using 'UTF-8' encoding to copy filtered properties files.
2022-03-21 17:00:27,253 [Worker-25: Building workspace] INFO  o.e.m.c.i.embedder.EclipseLogger - Copying 1 resource
2022-03-21 17:00:27,268 [Worker-25: Building workspace] INFO  o.e.m.c.i.embedder.EclipseLogger - Copying 0 resource
2022-03-21 17:00:27,268 [Worker-25: Building workspace] INFO  o.e.m.c.i.embedder.EclipseLogger - Using 'UTF-8' encoding to copy filtered resources.
2022-03-21 17:00:27,268 [Worker-25: Building workspace] INFO  o.e.m.c.i.embedder.EclipseLogger - Using 'UTF-8' encoding to copy filtered properties files.
2022-03-21 17:00:27,268 [Worker-25: Building workspace] INFO  o.e.m.c.i.embedder.EclipseLogger - skip non existing resourceDirectory C:\Users\alaa_\OneDrive\Desktop\kitchen story\kitchen backend\KitchenStory\src\test\resources
2022-03-21 17:01:33,429 [Worker-26: Building workspace] INFO  o.e.m.c.i.embedder.EclipseLogger - Using 'UTF-8' encoding to copy filtered resources.
2022-03-21 17:01:33,429 [Worker-26: Building workspace] INFO  o.e.m.c.i.embedder.EclipseLogger - Using 'UTF-8' encoding to copy filtered properties files.
2022-03-21 17:01:33,445 [Worker-26: Building workspace] INFO  o.e.m.c.i.embedder.EclipseLogger - Copying 1 resource
2022-03-21 17:01:33,476 [Worker-26: Building workspace] INFO  o.e.m.c.i.embedder.EclipseLogger - Copying 0 resource
2022-03-21 17:01:33,476 [Worker-26: Building workspace] INFO  o.e.m.c.i.embedder.EclipseLogger - Using 'UTF-8' encoding to copy filtered resources.
2022-03-21 17:01:33,476 [Worker-26: Building workspace] INFO  o.e.m.c.i.embedder.EclipseLogger - Using 'UTF-8' encoding to copy filtered properties files.
2022-03-21 17:01:33,476 [Worker-26: Building workspace] INFO  o.e.m.c.i.embedder.EclipseLogger - skip non existing resourceDirectory C:\Users\alaa_\OneDrive\Desktop\kitchen story\kitchen backend\KitchenStory\src\test\resources
2022-03-21 17:02:27,493 [Worker-26: Building workspace] INFO  o.e.m.c.i.embedder.EclipseLogger - Using 'UTF-8' encoding to copy filtered resources.
2022-03-21 17:02:27,493 [Worker-26: Building workspace] INFO  o.e.m.c.i.embedder.EclipseLogger - Using 'UTF-8' encoding to copy filtered properties files.
2022-03-21 17:02:27,493 [Worker-26: Building workspace] INFO  o.e.m.c.i.embedder.EclipseLogger - Copying 1 resource
2022-03-21 17:02:27,634 [Worker-26: Building workspace] INFO  o.e.m.c.i.embedder.EclipseLogger - Copying 0 resource
2022-03-21 17:02:27,666 [Worker-26: Building workspace] INFO  o.e.m.c.i.embedder.EclipseLogger - Using 'UTF-8' encoding to copy filtered resources.
2022-03-21 17:02:27,666 [Worker-26: Building workspace] INFO  o.e.m.c.i.embedder.EclipseLogger - Using 'UTF-8' encoding to copy filtered properties files.
2022-03-21 17:02:27,666 [Worker-26: Building workspace] INFO  o.e.m.c.i.embedder.EclipseLogger - skip non existing resourceDirectory C:\Users\alaa_\OneDrive\Desktop\kitchen story\kitchen backend\KitchenStory\src\test\resources
2022-03-21 17:04:20,459 [Worker-27: Building workspace] INFO  o.e.m.c.i.embedder.EclipseLogger - Using 'UTF-8' encoding to copy filtered resources.
2022-03-21 17:04:20,459 [Worker-27: Building workspace] INFO  o.e.m.c.i.embedder.EclipseLogger - Using 'UTF-8' encoding to copy filtered properties files.
2022-03-21 17:04:20,459 [Worker-27: Building workspace] INFO  o.e.m.c.i.embedder.EclipseLogger - Copying 1 resource
2022-03-21 17:04:20,491 [Worker-27: Building workspace] INFO  o.e.m.c.i.embedder.EclipseLogger - Copying 0 resource
2022-03-21 17:04:20,491 [Worker-27: Building workspace] INFO  o.e.m.c.i.embedder.EclipseLogger - Using 'UTF-8' encoding to copy filtered resources.
2022-03-21 17:04:20,491 [Worker-27: Building workspace] INFO  o.e.m.c.i.embedder.EclipseLogger - Using 'UTF-8' encoding to copy filtered properties files.
2022-03-21 17:04:20,491 [Worker-27: Building workspace] INFO  o.e.m.c.i.embedder.EclipseLogger - skip non existing resourceDirectory C:\Users\alaa_\OneDrive\Desktop\kitchen story\kitchen backend\KitchenStory\src\test\resources
2022-03-21 18:11:07,658 [Worker-36: Building workspace] INFO  o.e.m.c.i.embedder.EclipseLogger - Using 'UTF-8' encoding to copy filtered resources.
2022-03-21 18:11:07,660 [Worker-36: Building workspace] INFO  o.e.m.c.i.embedder.EclipseLogger - Using 'UTF-8' encoding to copy filtered properties files.
2022-03-21 18:11:07,662 [Worker-36: Building workspace] INFO  o.e.m.c.i.embedder.EclipseLogger - Copying 1 resource
2022-03-21 18:11:07,761 [Worker-36: Building workspace] INFO  o.e.m.c.i.embedder.EclipseLogger - Copying 0 resource
2022-03-21 18:11:07,765 [Worker-36: Building workspace] INFO  o.e.m.c.i.embedder.EclipseLogger - Using 'UTF-8' encoding to copy filtered resources.
2022-03-21 18:11:07,766 [Worker-36: Building workspace] INFO  o.e.m.c.i.embedder.EclipseLogger - Using 'UTF-8' encoding to copy filtered properties files.
2022-03-21 18:11:07,766 [Worker-36: Building workspace] INFO  o.e.m.c.i.embedder.EclipseLogger - skip non existing resourceDirectory C:\Users\alaa_\OneDrive\Desktop\kitchen story\kitchen backend\KitchenStory\src\test\resources
2022-03-21 18:37:23,806 [Worker-46: Launching KitchenStory - KitchenStoryApplication] INFO  o.e.m.c.i.embedder.EclipseLogger - Using 'UTF-8' encoding to copy filtered resources.
2022-03-21 18:37:23,806 [Worker-46: Launching KitchenStory - KitchenStoryApplication] INFO  o.e.m.c.i.embedder.EclipseLogger - Using 'UTF-8' encoding to copy filtered properties files.
2022-03-21 18:37:23,809 [Worker-46: Launching KitchenStory - KitchenStoryApplication] INFO  o.e.m.c.i.embedder.EclipseLogger - Copying 1 resource
2022-03-21 18:37:23,865 [Worker-46: Launching KitchenStory - KitchenStoryApplication] INFO  o.e.m.c.i.embedder.EclipseLogger - Copying 0 resource
2022-03-21 18:37:23,868 [Worker-46: Launching KitchenStory - KitchenStoryApplication] INFO  o.e.m.c.i.embedder.EclipseLogger - Using 'UTF-8' encoding to copy filtered resources.
2022-03-21 18:37:23,869 [Worker-46: Launching KitchenStory - KitchenStoryApplication] INFO  o.e.m.c.i.embedder.EclipseLogger - Using 'UTF-8' encoding to copy filtered properties files.
2022-03-21 18:37:23,869 [Worker-46: Launching KitchenStory - KitchenStoryApplication] INFO  o.e.m.c.i.embedder.EclipseLogger - skip non existing resourceDirectory C:\Users\alaa_\OneDrive\Desktop\kitchen story\kitchen backend\KitchenStory\src\test\resources
2022-03-21 18:44:28,739 [Worker-53: Launching KitchenStory - KitchenStoryApplication] INFO  o.e.m.c.i.embedder.EclipseLogger - Using 'UTF-8' encoding to copy filtered resources.
2022-03-21 18:44:28,740 [Worker-53: Launching KitchenStory - KitchenStoryApplication] INFO  o.e.m.c.i.embedder.EclipseLogger - Using 'UTF-8' encoding to copy filtered properties files.
2022-03-21 18:44:28,741 [Worker-53: Launching KitchenStory - KitchenStoryApplication] INFO  o.e.m.c.i.embedder.EclipseLogger - Copying 1 resource
2022-03-21 18:44:28,754 [Worker-53: Launching KitchenStory - KitchenStoryApplication] INFO  o.e.m.c.i.embedder.EclipseLogger - Copying 0 resource
2022-03-21 18:44:28,757 [Worker-53: Launching KitchenStory - KitchenStoryApplication] INFO  o.e.m.c.i.embedder.EclipseLogger - Using 'UTF-8' encoding to copy filtered resources.
2022-03-21 18:44:28,757 [Worker-53: Launching KitchenStory - KitchenStoryApplication] INFO  o.e.m.c.i.embedder.EclipseLogger - Using 'UTF-8' encoding to copy filtered properties files.
2022-03-21 18:44:28,757 [Worker-53: Launching KitchenStory - KitchenStoryApplication] INFO  o.e.m.c.i.embedder.EclipseLogger - skip non existing resourceDirectory C:\Users\alaa_\OneDrive\Desktop\kitchen story\kitchen backend\KitchenStory\src\test\resources
2022-03-21 18:46:44,042 [Worker-54: Launching KitchenStory - KitchenStoryApplication] INFO  o.e.m.c.i.embedder.EclipseLogger - Using 'UTF-8' encoding to copy filtered resources.
2022-03-21 18:46:44,042 [Worker-54: Launching KitchenStory - KitchenStoryApplication] INFO  o.e.m.c.i.embedder.EclipseLogger - Using 'UTF-8' encoding to copy filtered properties files.
2022-03-21 18:46:44,044 [Worker-54: Launching KitchenStory - KitchenStoryApplication] INFO  o.e.m.c.i.embedder.EclipseLogger - Copying 1 resource
2022-03-21 18:46:44,060 [Worker-54: Launching KitchenStory - KitchenStoryApplication] INFO  o.e.m.c.i.embedder.EclipseLogger - Copying 0 resource
2022-03-21 18:46:44,063 [Worker-54: Launching KitchenStory - KitchenStoryApplication] INFO  o.e.m.c.i.embedder.EclipseLogger - Using 'UTF-8' encoding to copy filtered resources.
2022-03-21 18:46:44,063 [Worker-54: Launching KitchenStory - KitchenStoryApplication] INFO  o.e.m.c.i.embedder.EclipseLogger - Using 'UTF-8' encoding to copy filtered properties files.
2022-03-21 18:46:44,064 [Worker-54: Launching KitchenStory - KitchenStoryApplication] INFO  o.e.m.c.i.embedder.EclipseLogger - skip non existing resourceDirectory C:\Users\alaa_\OneDrive\Desktop\kitchen story\kitchen backend\KitchenStory\src\test\resources
2022-03-21 18:48:51,061 [Worker-52: Launching KitchenStory - KitchenStoryApplication] INFO  o.e.m.c.i.embedder.EclipseLogger - Using 'UTF-8' encoding to copy filtered resources.
2022-03-21 18:48:51,063 [Worker-52: Launching KitchenStory - KitchenStoryApplication] INFO  o.e.m.c.i.embedder.EclipseLogger - Using 'UTF-8' encoding to copy filtered properties files.
2022-03-21 18:48:51,064 [Worker-52: Launching KitchenStory - KitchenStoryApplication] INFO  o.e.m.c.i.embedder.EclipseLogger - Copying 1 resource
2022-03-21 18:48:51,457 [Worker-52: Launching KitchenStory - KitchenStoryApplication] INFO  o.e.m.c.i.embedder.EclipseLogger - Copying 0 resource
2022-03-21 18:48:51,465 [Worker-52: Launching KitchenStory - KitchenStoryApplication] INFO  o.e.m.c.i.embedder.EclipseLogger - Using 'UTF-8' encoding to copy filtered resources.
2022-03-21 18:48:51,466 [Worker-52: Launching KitchenStory - KitchenStoryApplication] INFO  o.e.m.c.i.embedder.EclipseLogger - Using 'UTF-8' encoding to copy filtered properties files.
2022-03-21 18:48:51,472 [Worker-52: Launching KitchenStory - KitchenStoryApplication] INFO  o.e.m.c.i.embedder.EclipseLogger - skip non existing resourceDirectory C:\Users\alaa_\OneDrive\Desktop\kitchen story\kitchen backend\KitchenStory\src\test\resources
2022-03-21 18:51:50,869 [Worker-59: Launching KitchenStory - KitchenStoryApplication] INFO  o.e.m.c.i.embedder.EclipseLogger - Using 'UTF-8' encoding to copy filtered resources.
2022-03-21 18:51:50,870 [Worker-59: Launching KitchenStory - KitchenStoryApplication] INFO  o.e.m.c.i.embedder.EclipseLogger - Using 'UTF-8' encoding to copy filtered properties files.
2022-03-21 18:51:50,872 [Worker-59: Launching KitchenStory - KitchenStoryApplication] INFO  o.e.m.c.i.embedder.EclipseLogger - Copying 1 resource
2022-03-21 18:51:51,145 [Worker-59: Launching KitchenStory - KitchenStoryApplication] INFO  o.e.m.c.i.embedder.EclipseLogger - Copying 0 resource
2022-03-21 18:51:51,151 [Worker-59: Launching KitchenStory - KitchenStoryApplication] INFO  o.e.m.c.i.embedder.EclipseLogger - Using 'UTF-8' encoding to copy filtered resources.
2022-03-21 18:51:51,151 [Worker-59: Launching KitchenStory - KitchenStoryApplication] INFO  o.e.m.c.i.embedder.EclipseLogger - Using 'UTF-8' encoding to copy filtered properties files.
2022-03-21 18:51:51,152 [Worker-59: Launching KitchenStory - KitchenStoryApplication] INFO  o.e.m.c.i.embedder.EclipseLogger - skip non existing resourceDirectory C:\Users\alaa_\OneDrive\Desktop\kitchen story\kitchen backend\KitchenStory\src\test\resources
2022-03-21 18:58:16,594 [Worker-54: Launching KitchenStory - KitchenStoryApplication] INFO  o.e.m.c.i.embedder.EclipseLogger - Using 'UTF-8' encoding to copy filtered resources.
2022-03-21 18:58:16,595 [Worker-54: Launching KitchenStory - KitchenStoryApplication] INFO  o.e.m.c.i.embedder.EclipseLogger - Using 'UTF-8' encoding to copy filtered properties files.
2022-03-21 18:58:16,596 [Worker-54: Launching KitchenStory - KitchenStoryApplication] INFO  o.e.m.c.i.embedder.EclipseLogger - Copying 1 resource
2022-03-21 18:58:16,629 [Worker-54: Launching KitchenStory - KitchenStoryApplication] INFO  o.e.m.c.i.embedder.EclipseLogger - Copying 0 resource
2022-03-21 18:58:16,631 [Worker-54: Launching KitchenStory - KitchenStoryApplication] INFO  o.e.m.c.i.embedder.EclipseLogger - Using 'UTF-8' encoding to copy filtered resources.
2022-03-21 18:58:16,631 [Worker-54: Launching KitchenStory - KitchenStoryApplication] INFO  o.e.m.c.i.embedder.EclipseLogger - Using 'UTF-8' encoding to copy filtered properties files.
2022-03-21 18:58:16,632 [Worker-54: Launching KitchenStory - KitchenStoryApplication] INFO  o.e.m.c.i.embedder.EclipseLogger - skip non existing resourceDirectory C:\Users\alaa_\OneDrive\Desktop\kitchen story\kitchen backend\KitchenStory\src\test\resources
2022-03-21 19:01:20,133 [Worker-61: Launching KitchenStory - KitchenStoryApplication] INFO  o.e.m.c.i.embedder.EclipseLogger - Using 'UTF-8' encoding to copy filtered resources.
2022-03-21 19:01:20,133 [Worker-61: Launching KitchenStory - KitchenStoryApplication] INFO  o.e.m.c.i.embedder.EclipseLogger - Using 'UTF-8' encoding to copy filtered properties files.
2022-03-21 19:01:20,134 [Worker-61: Launching KitchenStory - KitchenStoryApplication] INFO  o.e.m.c.i.embedder.EclipseLogger - Copying 1 resource
2022-03-21 19:01:20,177 [Worker-61: Launching KitchenStory - KitchenStoryApplication] INFO  o.e.m.c.i.embedder.EclipseLogger - Copying 0 resource
2022-03-21 19:01:20,180 [Worker-61: Launching KitchenStory - KitchenStoryApplication] INFO  o.e.m.c.i.embedder.EclipseLogger - Using 'UTF-8' encoding to copy filtered resources.
2022-03-21 19:01:20,181 [Worker-61: Launching KitchenStory - KitchenStoryApplication] INFO  o.e.m.c.i.embedder.EclipseLogger - Using 'UTF-8' encoding to copy filtered properties files.
2022-03-21 19:01:20,181 [Worker-61: Launching KitchenStory - KitchenStoryApplication] INFO  o.e.m.c.i.embedder.EclipseLogger - skip non existing resourceDirectory C:\Users\alaa_\OneDrive\Desktop\kitchen story\kitchen backend\KitchenStory\src\test\resources
2022-03-21 19:03:23,268 [Worker-68: Launching KitchenStory - KitchenStoryApplication] INFO  o.e.m.c.i.embedder.EclipseLogger - Using 'UTF-8' encoding to copy filtered resources.
2022-03-21 19:03:23,269 [Worker-68: Launching KitchenStory - KitchenStoryApplication] INFO  o.e.m.c.i.embedder.EclipseLogger - Using 'UTF-8' encoding to copy filtered properties files.
2022-03-21 19:03:23,272 [Worker-68: Launching KitchenStory - KitchenStoryApplication] INFO  o.e.m.c.i.embedder.EclipseLogger - Copying 1 resource
2022-03-21 19:03:23,428 [Worker-68: Launching KitchenStory - KitchenStoryApplication] INFO  o.e.m.c.i.embedder.EclipseLogger - Copying 0 resource
2022-03-21 19:03:23,436 [Worker-68: Launching KitchenStory - KitchenStoryApplication] INFO  o.e.m.c.i.embedder.EclipseLogger - Using 'UTF-8' encoding to copy filtered resources.
2022-03-21 19:03:23,437 [Worker-68: Launching KitchenStory - KitchenStoryApplication] INFO  o.e.m.c.i.embedder.EclipseLogger - Using 'UTF-8' encoding to copy filtered properties files.
2022-03-21 19:03:23,437 [Worker-68: Launching KitchenStory - KitchenStoryApplication] INFO  o.e.m.c.i.embedder.EclipseLogger - skip non existing resourceDirectory C:\Users\alaa_\OneDrive\Desktop\kitchen story\kitchen backend\KitchenStory\src\test\resources
2022-03-21 19:04:20,123 [Worker-69: Launching KitchenStory - KitchenStoryApplication] INFO  o.e.m.c.i.embedder.EclipseLogger - Using 'UTF-8' encoding to copy filtered resources.
2022-03-21 19:04:20,254 [Worker-69: Launching KitchenStory - KitchenStoryApplication] INFO  o.e.m.c.i.embedder.EclipseLogger - Using 'UTF-8' encoding to copy filtered properties files.
2022-03-21 19:04:20,255 [Worker-69: Launching KitchenStory - KitchenStoryApplication] INFO  o.e.m.c.i.embedder.EclipseLogger - Copying 1 resource
2022-03-21 19:04:20,267 [Worker-69: Launching KitchenStory - KitchenStoryApplication] INFO  o.e.m.c.i.embedder.EclipseLogger - Copying 0 resource
2022-03-21 19:04:20,270 [Worker-69: Launching KitchenStory - KitchenStoryApplication] INFO  o.e.m.c.i.embedder.EclipseLogger - Using 'UTF-8' encoding to copy filtered resources.
2022-03-21 19:04:20,270 [Worker-69: Launching KitchenStory - KitchenStoryApplication] INFO  o.e.m.c.i.embedder.EclipseLogger - Using 'UTF-8' encoding to copy filtered properties files.
2022-03-21 19:04:20,270 [Worker-69: Launching KitchenStory - KitchenStoryApplication] INFO  o.e.m.c.i.embedder.EclipseLogger - skip non existing resourceDirectory C:\Users\alaa_\OneDrive\Desktop\kitchen story\kitchen backend\KitchenStory\src\test\resources
2022-03-21 19:05:38,515 [Worker-69: Building workspace] INFO  o.e.m.c.i.embedder.EclipseLogger - Using 'UTF-8' encoding to copy filtered resources.
2022-03-21 19:05:38,515 [Worker-69: Building workspace] INFO  o.e.m.c.i.embedder.EclipseLogger - Using 'UTF-8' encoding to copy filtered properties files.
2022-03-21 19:05:38,516 [Worker-69: Building workspace] INFO  o.e.m.c.i.embedder.EclipseLogger - Copying 1 resource
2022-03-21 19:05:38,913 [Worker-69: Building workspace] INFO  o.e.m.c.i.embedder.EclipseLogger - Copying 0 resource
2022-03-21 19:05:38,917 [Worker-69: Building workspace] INFO  o.e.m.c.i.embedder.EclipseLogger - Using 'UTF-8' encoding to copy filtered resources.
2022-03-21 19:05:38,917 [Worker-69: Building workspace] INFO  o.e.m.c.i.embedder.EclipseLogger - Using 'UTF-8' encoding to copy filtered properties files.
2022-03-21 19:05:38,917 [Worker-69: Building workspace] INFO  o.e.m.c.i.embedder.EclipseLogger - skip non existing resourceDirectory C:\Users\alaa_\OneDrive\Desktop\kitchen story\kitchen backend\KitchenStory\src\test\resources
2022-03-21 19:06:14,092 [Worker-69: Launching KitchenStory - KitchenStoryApplication] INFO  o.e.m.c.i.embedder.EclipseLogger - Using 'UTF-8' encoding to copy filtered resources.
2022-03-21 19:06:14,092 [Worker-69: Launching KitchenStory - KitchenStoryApplication] INFO  o.e.m.c.i.embedder.EclipseLogger - Using 'UTF-8' encoding to copy filtered properties files.
2022-03-21 19:06:14,092 [Worker-69: Launching KitchenStory - KitchenStoryApplication] INFO  o.e.m.c.i.embedder.EclipseLogger - Copying 1 resource
2022-03-21 19:06:14,110 [Worker-69: Launching KitchenStory - KitchenStoryApplication] INFO  o.e.m.c.i.embedder.EclipseLogger - Copying 0 resource
2022-03-21 19:06:14,114 [Worker-69: Launching KitchenStory - KitchenStoryApplication] INFO  o.e.m.c.i.embedder.EclipseLogger - Using 'UTF-8' encoding to copy filtered resources.
2022-03-21 19:06:14,114 [Worker-69: Launching KitchenStory - KitchenStoryApplication] INFO  o.e.m.c.i.embedder.EclipseLogger - Using 'UTF-8' encoding to copy filtered properties files.
2022-03-21 19:06:14,115 [Worker-69: Launching KitchenStory - KitchenStoryApplication] INFO  o.e.m.c.i.embedder.EclipseLogger - skip non existing resourceDirectory C:\Users\alaa_\OneDrive\Desktop\kitchen story\kitchen backend\KitchenStory\src\test\resources
2022-03-21 20:22:18,214 [Worker-91: Launching KitchenStory - KitchenStoryApplication] INFO  o.e.m.c.i.embedder.EclipseLogger - Using 'UTF-8' encoding to copy filtered resources.
2022-03-21 20:22:18,308 [Worker-91: Launching KitchenStory - KitchenStoryApplication] INFO  o.e.m.c.i.embedder.EclipseLogger - Using 'UTF-8' encoding to copy filtered properties files.
2022-03-21 20:22:18,323 [Worker-91: Launching KitchenStory - KitchenStoryApplication] INFO  o.e.m.c.i.embedder.EclipseLogger - Copying 1 resource
2022-03-21 20:22:18,667 [Worker-91: Launching KitchenStory - KitchenStoryApplication] INFO  o.e.m.c.i.embedder.EclipseLogger - Copying 0 resource
2022-03-21 20:22:18,683 [Worker-91: Launching KitchenStory - KitchenStoryApplication] INFO  o.e.m.c.i.embedder.EclipseLogger - Using 'UTF-8' encoding to copy filtered resources.
2022-03-21 20:22:18,683 [Worker-91: Launching KitchenStory - KitchenStoryApplication] INFO  o.e.m.c.i.embedder.EclipseLogger - Using 'UTF-8' encoding to copy filtered properties files.
2022-03-21 20:22:18,698 [Worker-91: Launching KitchenStory - KitchenStoryApplication] INFO  o.e.m.c.i.embedder.EclipseLogger - skip non existing resourceDirectory C:\Users\alaa_\OneDrive\Desktop\kitchen story\kitchen backend\KitchenStory\src\test\resources
2022-03-21 20:22:57,491 [Worker-77: Launching KitchenStory - KitchenStoryApplication] INFO  o.e.m.c.i.embedder.EclipseLogger - Using 'UTF-8' encoding to copy filtered resources.
2022-03-21 20:22:57,491 [Worker-77: Launching KitchenStory - KitchenStoryApplication] INFO  o.e.m.c.i.embedder.EclipseLogger - Using 'UTF-8' encoding to copy filtered properties files.
2022-03-21 20:22:57,491 [Worker-77: Launching KitchenStory - KitchenStoryApplication] INFO  o.e.m.c.i.embedder.EclipseLogger - Copying 1 resource
2022-03-21 20:22:57,663 [Worker-77: Launching KitchenStory - KitchenStoryApplication] INFO  o.e.m.c.i.embedder.EclipseLogger - Copying 0 resource
2022-03-21 20:22:57,663 [Worker-77: Launching KitchenStory - KitchenStoryApplication] INFO  o.e.m.c.i.embedder.EclipseLogger - Using 'UTF-8' encoding to copy filtered resources.
2022-03-21 20:22:57,663 [Worker-77: Launching KitchenStory - KitchenStoryApplication] INFO  o.e.m.c.i.embedder.EclipseLogger - Using 'UTF-8' encoding to copy filtered properties files.
2022-03-21 20:22:57,663 [Worker-77: Launching KitchenStory - KitchenStoryApplication] INFO  o.e.m.c.i.embedder.EclipseLogger - skip non existing resourceDirectory C:\Users\alaa_\OneDrive\Desktop\kitchen story\kitchen backend\KitchenStory\src\test\resources
2022-03-21 20:23:32,478 [Worker-89: Launching KitchenStory - KitchenStoryApplication] INFO  o.e.m.c.i.embedder.EclipseLogger - Using 'UTF-8' encoding to copy filtered resources.
2022-03-21 20:23:32,478 [Worker-89: Launching KitchenStory - KitchenStoryApplication] INFO  o.e.m.c.i.embedder.EclipseLogger - Using 'UTF-8' encoding to copy filtered properties files.
2022-03-21 20:23:32,494 [Worker-89: Launching KitchenStory - KitchenStoryApplication] INFO  o.e.m.c.i.embedder.EclipseLogger - Copying 1 resource
2022-03-21 20:23:32,494 [Worker-89: Launching KitchenStory - KitchenStoryApplication] INFO  o.e.m.c.i.embedder.EclipseLogger - Copying 0 resource
2022-03-21 20:23:32,509 [Worker-89: Launching KitchenStory - KitchenStoryApplication] INFO  o.e.m.c.i.embedder.EclipseLogger - Using 'UTF-8' encoding to copy filtered resources.
2022-03-21 20:23:32,509 [Worker-89: Launching KitchenStory - KitchenStoryApplication] INFO  o.e.m.c.i.embedder.EclipseLogger - Using 'UTF-8' encoding to copy filtered properties files.
2022-03-21 20:23:32,509 [Worker-89: Launching KitchenStory - KitchenStoryApplication] INFO  o.e.m.c.i.embedder.EclipseLogger - skip non existing resourceDirectory C:\Users\alaa_\OneDrive\Desktop\kitchen story\kitchen backend\KitchenStory\src\test\resources
2022-03-21 20:23:52,447 [Worker-89: Launching KitchenStory - KitchenStoryApplication] INFO  o.e.m.c.i.embedder.EclipseLogger - Using 'UTF-8' encoding to copy filtered resources.
2022-03-21 20:23:52,447 [Worker-89: Launching KitchenStory - KitchenStoryApplication] INFO  o.e.m.c.i.embedder.EclipseLogger - Using 'UTF-8' encoding to copy filtered properties files.
2022-03-21 20:23:52,447 [Worker-89: Launching KitchenStory - KitchenStoryApplication] INFO  o.e.m.c.i.embedder.EclipseLogger - Copying 1 resource
2022-03-21 20:23:52,463 [Worker-89: Launching KitchenStory - KitchenStoryApplication] INFO  o.e.m.c.i.embedder.EclipseLogger - Copying 0 resource
2022-03-21 20:23:52,463 [Worker-89: Launching KitchenStory - KitchenStoryApplication] INFO  o.e.m.c.i.embedder.EclipseLogger - Using 'UTF-8' encoding to copy filtered resources.
2022-03-21 20:23:52,463 [Worker-89: Launching KitchenStory - KitchenStoryApplication] INFO  o.e.m.c.i.embedder.EclipseLogger - Using 'UTF-8' encoding to copy filtered properties files.
2022-03-21 20:23:52,463 [Worker-89: Launching KitchenStory - KitchenStoryApplication] INFO  o.e.m.c.i.embedder.EclipseLogger - skip non existing resourceDirectory C:\Users\alaa_\OneDrive\Desktop\kitchen story\kitchen backend\KitchenStory\src\test\resources
2022-03-22 17:49:05,205 [Worker-3: Loading available Gradle versions] INFO  o.e.b.c.i.u.g.PublishedGradleVersions - Gradle version information cache is up-to-date. Trying to read.
2022-03-22 18:03:39,799 [Worker-7: Building workspace] INFO  o.e.m.c.i.embedder.EclipseLogger - Using 'UTF-8' encoding to copy filtered resources.
2022-03-22 18:03:39,838 [Worker-7: Building workspace] INFO  o.e.m.c.i.embedder.EclipseLogger - Using 'UTF-8' encoding to copy filtered properties files.
2022-03-22 18:03:39,843 [Worker-7: Building workspace] INFO  o.e.m.c.i.embedder.EclipseLogger - Copying 1 resource
2022-03-22 18:03:39,910 [Worker-7: Building workspace] INFO  o.e.m.c.i.embedder.EclipseLogger - Copying 0 resource
2022-03-22 18:03:39,922 [Worker-7: Building workspace] INFO  o.e.m.c.i.embedder.EclipseLogger - Using 'UTF-8' encoding to copy filtered resources.
2022-03-22 18:03:39,922 [Worker-7: Building workspace] INFO  o.e.m.c.i.embedder.EclipseLogger - Using 'UTF-8' encoding to copy filtered properties files.
2022-03-22 18:03:39,923 [Worker-7: Building workspace] INFO  o.e.m.c.i.embedder.EclipseLogger - skip non existing resourceDirectory C:\Users\alaa_\OneDrive\Desktop\kitchen story\kitchenstory backend\KitchenStory\src\test\resources
2022-03-22 18:08:54,920 [Worker-17: Building workspace] INFO  o.e.m.c.i.embedder.EclipseLogger - Using 'UTF-8' encoding to copy filtered resources.
2022-03-22 18:08:54,921 [Worker-17: Building workspace] INFO  o.e.m.c.i.embedder.EclipseLogger - Using 'UTF-8' encoding to copy filtered properties files.
2022-03-22 18:08:54,927 [Worker-17: Building workspace] INFO  o.e.m.c.i.embedder.EclipseLogger - Copying 1 resource
2022-03-22 18:08:54,990 [Worker-17: Building workspace] INFO  o.e.m.c.i.embedder.EclipseLogger - Copying 0 resource
2022-03-22 18:08:55,001 [Worker-17: Building workspace] INFO  o.e.m.c.i.embedder.EclipseLogger - Using 'UTF-8' encoding to copy filtered resources.
2022-03-22 18:08:55,001 [Worker-17: Building workspace] INFO  o.e.m.c.i.embedder.EclipseLogger - Using 'UTF-8' encoding to copy filtered properties files.
2022-03-22 18:08:55,001 [Worker-17: Building workspace] INFO  o.e.m.c.i.embedder.EclipseLogger - skip non existing resourceDirectory C:\Users\alaa_\OneDrive\Desktop\kitchen story\kitchenstory backend\KitchenStory\src\test\resources
2022-03-22 18:10:20,327 [Worker-16: Building workspace] INFO  o.e.m.c.i.embedder.EclipseLogger - Using 'UTF-8' encoding to copy filtered resources.
2022-03-22 18:10:20,328 [Worker-16: Building workspace] INFO  o.e.m.c.i.embedder.EclipseLogger - Using 'UTF-8' encoding to copy filtered properties files.
2022-03-22 18:10:20,329 [Worker-16: Building workspace] INFO  o.e.m.c.i.embedder.EclipseLogger - Copying 1 resource
2022-03-22 18:10:20,365 [Worker-16: Building workspace] INFO  o.e.m.c.i.embedder.EclipseLogger - Copying 0 resource
2022-03-22 18:10:20,373 [Worker-16: Building workspace] INFO  o.e.m.c.i.embedder.EclipseLogger - Using 'UTF-8' encoding to copy filtered resources.
2022-03-22 18:10:20,373 [Worker-16: Building workspace] INFO  o.e.m.c.i.embedder.EclipseLogger - Using 'UTF-8' encoding to copy filtered properties files.
2022-03-22 18:10:20,374 [Worker-16: Building workspace] INFO  o.e.m.c.i.embedder.EclipseLogger - skip non existing resourceDirectory C:\Users\alaa_\OneDrive\Desktop\kitchen story\kitchenstory backend\KitchenStory\src\test\resources
2022-03-22 18:11:11,524 [Worker-18: Building workspace] INFO  o.e.m.c.i.embedder.EclipseLogger - Using 'UTF-8' encoding to copy filtered resources.
2022-03-22 18:11:11,525 [Worker-18: Building workspace] INFO  o.e.m.c.i.embedder.EclipseLogger - Using 'UTF-8' encoding to copy filtered properties files.
2022-03-22 18:11:11,526 [Worker-18: Building workspace] INFO  o.e.m.c.i.embedder.EclipseLogger - Copying 1 resource
2022-03-22 18:11:11,565 [Worker-18: Building workspace] INFO  o.e.m.c.i.embedder.EclipseLogger - Copying 0 resource
2022-03-22 18:11:11,579 [Worker-18: Building workspace] INFO  o.e.m.c.i.embedder.EclipseLogger - Using 'UTF-8' encoding to copy filtered resources.
2022-03-22 18:11:11,579 [Worker-18: Building workspace] INFO  o.e.m.c.i.embedder.EclipseLogger - Using 'UTF-8' encoding to copy filtered properties files.
2022-03-22 18:11:11,579 [Worker-18: Building workspace] INFO  o.e.m.c.i.embedder.EclipseLogger - skip non existing resourceDirectory C:\Users\alaa_\OneDrive\Desktop\kitchen story\kitchenstory backend\KitchenStory\src\test\resources
2022-03-22 18:11:22,509 [Worker-17: Building workspace] INFO  o.e.m.c.i.embedder.EclipseLogger - Using 'UTF-8' encoding to copy filtered resources.
2022-03-22 18:11:22,509 [Worker-17: Building workspace] INFO  o.e.m.c.i.embedder.EclipseLogger - Using 'UTF-8' encoding to copy filtered properties files.
2022-03-22 18:11:22,512 [Worker-17: Building workspace] INFO  o.e.m.c.i.embedder.EclipseLogger - Copying 1 resource
2022-03-22 18:11:22,523 [Worker-17: Building workspace] INFO  o.e.m.c.i.embedder.EclipseLogger - Copying 0 resource
2022-03-22 18:11:22,527 [Worker-17: Building workspace] INFO  o.e.m.c.i.embedder.EclipseLogger - Using 'UTF-8' encoding to copy filtered resources.
2022-03-22 18:11:22,527 [Worker-17: Building workspace] INFO  o.e.m.c.i.embedder.EclipseLogger - Using 'UTF-8' encoding to copy filtered properties files.
2022-03-22 18:11:22,527 [Worker-17: Building workspace] INFO  o.e.m.c.i.embedder.EclipseLogger - skip non existing resourceDirectory C:\Users\alaa_\OneDrive\Desktop\kitchen story\kitchenstory backend\KitchenStory\src\test\resources
2022-03-22 18:12:21,014 [Worker-20: Building workspace] INFO  o.e.m.c.i.embedder.EclipseLogger - Using 'UTF-8' encoding to copy filtered resources.
2022-03-22 18:12:21,014 [Worker-20: Building workspace] INFO  o.e.m.c.i.embedder.EclipseLogger - Using 'UTF-8' encoding to copy filtered properties files.
2022-03-22 18:12:21,015 [Worker-20: Building workspace] INFO  o.e.m.c.i.embedder.EclipseLogger - Copying 1 resource
2022-03-22 18:12:21,046 [Worker-20: Building workspace] INFO  o.e.m.c.i.embedder.EclipseLogger - Copying 0 resource
2022-03-22 18:12:21,051 [Worker-20: Building workspace] INFO  o.e.m.c.i.embedder.EclipseLogger - Using 'UTF-8' encoding to copy filtered resources.
2022-03-22 18:12:21,051 [Worker-20: Building workspace] INFO  o.e.m.c.i.embedder.EclipseLogger - Using 'UTF-8' encoding to copy filtered properties files.
2022-03-22 18:12:21,052 [Worker-20: Building workspace] INFO  o.e.m.c.i.embedder.EclipseLogger - skip non existing resourceDirectory C:\Users\alaa_\OneDrive\Desktop\kitchen story\kitchenstory backend\KitchenStory\src\test\resources
2022-03-22 18:13:41,331 [Worker-20: Building workspace] INFO  o.e.m.c.i.embedder.EclipseLogger - Using 'UTF-8' encoding to copy filtered resources.
2022-03-22 18:13:41,331 [Worker-20: Building workspace] INFO  o.e.m.c.i.embedder.EclipseLogger - Using 'UTF-8' encoding to copy filtered properties files.
2022-03-22 18:13:41,333 [Worker-20: Building workspace] INFO  o.e.m.c.i.embedder.EclipseLogger - Copying 1 resource
2022-03-22 18:13:41,382 [Worker-20: Building workspace] INFO  o.e.m.c.i.embedder.EclipseLogger - Copying 0 resource
2022-03-22 18:13:41,387 [Worker-20: Building workspace] INFO  o.e.m.c.i.embedder.EclipseLogger - Using 'UTF-8' encoding to copy filtered resources.
2022-03-22 18:13:41,387 [Worker-20: Building workspace] INFO  o.e.m.c.i.embedder.EclipseLogger - Using 'UTF-8' encoding to copy filtered properties files.
2022-03-22 18:13:41,387 [Worker-20: Building workspace] INFO  o.e.m.c.i.embedder.EclipseLogger - skip non existing resourceDirectory C:\Users\alaa_\OneDrive\Desktop\kitchen story\kitchenstory backend\KitchenStory\src\test\resources
2022-03-22 18:15:43,653 [Worker-17: Building workspace] INFO  o.e.m.c.i.embedder.EclipseLogger - Using 'UTF-8' encoding to copy filtered resources.
2022-03-22 18:15:43,654 [Worker-17: Building workspace] INFO  o.e.m.c.i.embedder.EclipseLogger - Using 'UTF-8' encoding to copy filtered properties files.
2022-03-22 18:15:43,655 [Worker-17: Building workspace] INFO  o.e.m.c.i.embedder.EclipseLogger - Copying 1 resource
2022-03-22 18:15:43,679 [Worker-17: Building workspace] INFO  o.e.m.c.i.embedder.EclipseLogger - Copying 0 resource
2022-03-22 18:15:43,685 [Worker-17: Building workspace] INFO  o.e.m.c.i.embedder.EclipseLogger - Using 'UTF-8' encoding to copy filtered resources.
2022-03-22 18:15:43,685 [Worker-17: Building workspace] INFO  o.e.m.c.i.embedder.EclipseLogger - Using 'UTF-8' encoding to copy filtered properties files.
2022-03-22 18:15:43,685 [Worker-17: Building workspace] INFO  o.e.m.c.i.embedder.EclipseLogger - skip non existing resourceDirectory C:\Users\alaa_\OneDrive\Desktop\kitchen story\kitchenstory backend\KitchenStory\src\test\resources
2022-03-22 18:16:02,496 [Worker-16: Launching Executing clean in C__Users_alaa__OneDrive_Desktop_kitchen story_kitchenstory backend_KitchenStory] INFO  o.e.m.i.launch.MavenLaunchDelegate - C:\Users\alaa_\OneDrive\Desktop\kitchen story\kitchenstory backend\KitchenStory
2022-03-22 18:16:02,497 [Worker-16: Launching Executing clean in C__Users_alaa__OneDrive_Desktop_kitchen story_kitchenstory backend_KitchenStory] INFO  o.e.m.i.launch.MavenLaunchDelegate -  mvn -B clean -Dstyle.color=always
2022-03-22 18:16:09,657 [Worker-14: Building workspace] INFO  o.e.m.c.i.embedder.EclipseLogger - Using 'UTF-8' encoding to copy filtered resources.
2022-03-22 18:16:09,657 [Worker-14: Building workspace] INFO  o.e.m.c.i.embedder.EclipseLogger - Using 'UTF-8' encoding to copy filtered properties files.
2022-03-22 18:16:09,659 [Worker-14: Building workspace] INFO  o.e.m.c.i.embedder.EclipseLogger - Copying 1 resource
2022-03-22 18:16:09,689 [Worker-14: Building workspace] INFO  o.e.m.c.i.embedder.EclipseLogger - Copying 0 resource
2022-03-22 18:16:09,692 [Worker-14: Building workspace] INFO  o.e.m.c.i.embedder.EclipseLogger - Using 'UTF-8' encoding to copy filtered resources.
2022-03-22 18:16:09,693 [Worker-14: Building workspace] INFO  o.e.m.c.i.embedder.EclipseLogger - Using 'UTF-8' encoding to copy filtered properties files.
2022-03-22 18:16:09,693 [Worker-14: Building workspace] INFO  o.e.m.c.i.embedder.EclipseLogger - skip non existing resourceDirectory C:\Users\alaa_\OneDrive\Desktop\kitchen story\kitchenstory backend\KitchenStory\src\test\resources
2022-03-22 18:16:52,381 [Worker-14: Launching Executing install in C__Users_alaa__OneDrive_Desktop_kitchen story_kitchenstory backend_KitchenStory] INFO  o.e.m.i.launch.MavenLaunchDelegate - C:\Users\alaa_\OneDrive\Desktop\kitchen story\kitchenstory backend\KitchenStory
2022-03-22 18:16:52,382 [Worker-14: Launching Executing install in C__Users_alaa__OneDrive_Desktop_kitchen story_kitchenstory backend_KitchenStory] INFO  o.e.m.i.launch.MavenLaunchDelegate -  mvn -B install -Dstyle.color=always
2022-03-22 18:17:00,551 [Worker-17: Building workspace] INFO  o.e.m.c.i.embedder.EclipseLogger - Using 'UTF-8' encoding to copy filtered resources.
2022-03-22 18:17:00,551 [Worker-17: Building workspace] INFO  o.e.m.c.i.embedder.EclipseLogger - Using 'UTF-8' encoding to copy filtered properties files.
2022-03-22 18:17:00,552 [Worker-17: Building workspace] INFO  o.e.m.c.i.embedder.EclipseLogger - Copying 1 resource
2022-03-22 18:17:00,555 [Worker-17: Building workspace] INFO  o.e.m.c.i.embedder.EclipseLogger - Copying 0 resource
2022-03-22 18:17:00,559 [Worker-17: Building workspace] INFO  o.e.m.c.i.embedder.EclipseLogger - Using 'UTF-8' encoding to copy filtered resources.
2022-03-22 18:17:00,559 [Worker-17: Building workspace] INFO  o.e.m.c.i.embedder.EclipseLogger - Using 'UTF-8' encoding to copy filtered properties files.
2022-03-22 18:17:00,560 [Worker-17: Building workspace] INFO  o.e.m.c.i.embedder.EclipseLogger - skip non existing resourceDirectory C:\Users\alaa_\OneDrive\Desktop\kitchen story\kitchenstory backend\KitchenStory\src\test\resources
2022-03-22 18:28:43,413 [Worker-21: Building workspace] INFO  o.e.m.c.i.embedder.EclipseLogger - Using 'UTF-8' encoding to copy filtered resources.
2022-03-22 18:28:43,414 [Worker-21: Building workspace] INFO  o.e.m.c.i.embedder.EclipseLogger - Using 'UTF-8' encoding to copy filtered properties files.
2022-03-22 18:28:43,416 [Worker-21: Building workspace] INFO  o.e.m.c.i.embedder.EclipseLogger - Copying 1 resource
2022-03-22 18:28:43,463 [Worker-21: Building workspace] INFO  o.e.m.c.i.embedder.EclipseLogger - Copying 0 resource
2022-03-22 18:28:43,467 [Worker-21: Building workspace] INFO  o.e.m.c.i.embedder.EclipseLogger - Using 'UTF-8' encoding to copy filtered resources.
2022-03-22 18:28:43,467 [Worker-21: Building workspace] INFO  o.e.m.c.i.embedder.EclipseLogger - Using 'UTF-8' encoding to copy filtered properties files.
2022-03-22 18:28:43,479 [Worker-21: Building workspace] INFO  o.e.m.c.i.embedder.EclipseLogger - skip non existing resourceDirectory C:\Users\alaa_\OneDrive\Desktop\kitchen story\kitchenstory backend\KitchenStory\src\test\resources
2022-03-22 18:30:20,987 [Worker-21: Building workspace] INFO  o.e.m.c.i.embedder.EclipseLogger - Using 'UTF-8' encoding to copy filtered resources.
2022-03-22 18:30:20,987 [Worker-21: Building workspace] INFO  o.e.m.c.i.embedder.EclipseLogger - Using 'UTF-8' encoding to copy filtered properties files.
2022-03-22 18:30:20,989 [Worker-21: Building workspace] INFO  o.e.m.c.i.embedder.EclipseLogger - Copying 1 resource
2022-03-22 18:30:21,019 [Worker-21: Building workspace] INFO  o.e.m.c.i.embedder.EclipseLogger - Copying 0 resource
2022-03-22 18:30:21,023 [Worker-21: Building workspace] INFO  o.e.m.c.i.embedder.EclipseLogger - Using 'UTF-8' encoding to copy filtered resources.
2022-03-22 18:30:21,024 [Worker-21: Building workspace] INFO  o.e.m.c.i.embedder.EclipseLogger - Using 'UTF-8' encoding to copy filtered properties files.
2022-03-22 18:30:21,024 [Worker-21: Building workspace] INFO  o.e.m.c.i.embedder.EclipseLogger - skip non existing resourceDirectory C:\Users\alaa_\OneDrive\Desktop\kitchen story\kitchenstory backend\KitchenStory\src\test\resources
2022-03-22 18:30:58,603 [Worker-24: Building workspace] INFO  o.e.m.c.i.embedder.EclipseLogger - Using 'UTF-8' encoding to copy filtered resources.
2022-03-22 18:30:58,604 [Worker-24: Building workspace] INFO  o.e.m.c.i.embedder.EclipseLogger - Using 'UTF-8' encoding to copy filtered properties files.
2022-03-22 18:30:58,605 [Worker-24: Building workspace] INFO  o.e.m.c.i.embedder.EclipseLogger - Copying 1 resource
2022-03-22 18:30:58,636 [Worker-24: Building workspace] INFO  o.e.m.c.i.embedder.EclipseLogger - Copying 0 resource
2022-03-22 18:30:58,640 [Worker-24: Building workspace] INFO  o.e.m.c.i.embedder.EclipseLogger - Using 'UTF-8' encoding to copy filtered resources.
2022-03-22 18:30:58,640 [Worker-24: Building workspace] INFO  o.e.m.c.i.embedder.EclipseLogger - Using 'UTF-8' encoding to copy filtered properties files.
2022-03-22 18:30:58,641 [Worker-24: Building workspace] INFO  o.e.m.c.i.embedder.EclipseLogger - skip non existing resourceDirectory C:\Users\alaa_\OneDrive\Desktop\kitchen story\kitchenstory backend\KitchenStory\src\test\resources
2022-03-22 18:31:05,438 [Worker-22: Building workspace] INFO  o.e.m.c.i.embedder.EclipseLogger - Using 'UTF-8' encoding to copy filtered resources.
2022-03-22 18:31:05,439 [Worker-22: Building workspace] INFO  o.e.m.c.i.embedder.EclipseLogger - Using 'UTF-8' encoding to copy filtered properties files.
2022-03-22 18:31:05,440 [Worker-22: Building workspace] INFO  o.e.m.c.i.embedder.EclipseLogger - Copying 1 resource
2022-03-22 18:31:05,444 [Worker-22: Building workspace] INFO  o.e.m.c.i.embedder.EclipseLogger - Copying 0 resource
2022-03-22 18:31:05,448 [Worker-22: Building workspace] INFO  o.e.m.c.i.embedder.EclipseLogger - Using 'UTF-8' encoding to copy filtered resources.
2022-03-22 18:31:05,449 [Worker-22: Building workspace] INFO  o.e.m.c.i.embedder.EclipseLogger - Using 'UTF-8' encoding to copy filtered properties files.
2022-03-22 18:31:05,449 [Worker-22: Building workspace] INFO  o.e.m.c.i.embedder.EclipseLogger - skip non existing resourceDirectory C:\Users\alaa_\OneDrive\Desktop\kitchen story\kitchenstory backend\KitchenStory\src\test\resources
2022-03-22 18:31:58,316 [Worker-25: Building workspace] INFO  o.e.m.c.i.embedder.EclipseLogger - Using 'UTF-8' encoding to copy filtered resources.
2022-03-22 18:31:58,317 [Worker-25: Building workspace] INFO  o.e.m.c.i.embedder.EclipseLogger - Using 'UTF-8' encoding to copy filtered properties files.
2022-03-22 18:31:58,318 [Worker-25: Building workspace] INFO  o.e.m.c.i.embedder.EclipseLogger - Copying 1 resource
2022-03-22 18:31:58,351 [Worker-25: Building workspace] INFO  o.e.m.c.i.embedder.EclipseLogger - Copying 0 resource
2022-03-22 18:31:58,359 [Worker-25: Building workspace] INFO  o.e.m.c.i.embedder.EclipseLogger - Using 'UTF-8' encoding to copy filtered resources.
2022-03-22 18:31:58,360 [Worker-25: Building workspace] INFO  o.e.m.c.i.embedder.EclipseLogger - Using 'UTF-8' encoding to copy filtered properties files.
2022-03-22 18:31:58,360 [Worker-25: Building workspace] INFO  o.e.m.c.i.embedder.EclipseLogger - skip non existing resourceDirectory C:\Users\alaa_\OneDrive\Desktop\kitchen story\kitchenstory backend\KitchenStory\src\test\resources
2022-03-22 18:32:10,632 [Worker-22: Building workspace] INFO  o.e.m.c.i.embedder.EclipseLogger - Using 'UTF-8' encoding to copy filtered resources.
2022-03-22 18:32:10,633 [Worker-22: Building workspace] INFO  o.e.m.c.i.embedder.EclipseLogger - Using 'UTF-8' encoding to copy filtered properties files.
2022-03-22 18:32:10,637 [Worker-22: Building workspace] INFO  o.e.m.c.i.embedder.EclipseLogger - Copying 1 resource
2022-03-22 18:32:10,654 [Worker-22: Building workspace] INFO  o.e.m.c.i.embedder.EclipseLogger - Copying 0 resource
2022-03-22 18:32:10,665 [Worker-22: Building workspace] INFO  o.e.m.c.i.embedder.EclipseLogger - Using 'UTF-8' encoding to copy filtered resources.
2022-03-22 18:32:10,665 [Worker-22: Building workspace] INFO  o.e.m.c.i.embedder.EclipseLogger - Using 'UTF-8' encoding to copy filtered properties files.
2022-03-22 18:32:10,665 [Worker-22: Building workspace] INFO  o.e.m.c.i.embedder.EclipseLogger - skip non existing resourceDirectory C:\Users\alaa_\OneDrive\Desktop\kitchen story\kitchenstory backend\KitchenStory\src\test\resources
2022-03-22 18:32:20,430 [Worker-26: Building workspace] INFO  o.e.m.c.i.embedder.EclipseLogger - Using 'UTF-8' encoding to copy filtered resources.
2022-03-22 18:32:20,432 [Worker-26: Building workspace] INFO  o.e.m.c.i.embedder.EclipseLogger - Using 'UTF-8' encoding to copy filtered properties files.
2022-03-22 18:32:20,435 [Worker-26: Building workspace] INFO  o.e.m.c.i.embedder.EclipseLogger - Copying 1 resource
2022-03-22 18:32:20,513 [Worker-26: Building workspace] INFO  o.e.m.c.i.embedder.EclipseLogger - Copying 0 resource
2022-03-22 18:32:20,519 [Worker-26: Building workspace] INFO  o.e.m.c.i.embedder.EclipseLogger - Using 'UTF-8' encoding to copy filtered resources.
2022-03-22 18:32:20,520 [Worker-26: Building workspace] INFO  o.e.m.c.i.embedder.EclipseLogger - Using 'UTF-8' encoding to copy filtered properties files.
2022-03-22 18:32:20,520 [Worker-26: Building workspace] INFO  o.e.m.c.i.embedder.EclipseLogger - skip non existing resourceDirectory C:\Users\alaa_\OneDrive\Desktop\kitchen story\kitchenstory backend\KitchenStory\src\test\resources
2022-03-22 18:32:55,023 [Worker-25: Building workspace] INFO  o.e.m.c.i.embedder.EclipseLogger - Using 'UTF-8' encoding to copy filtered resources.
2022-03-22 18:32:55,024 [Worker-25: Building workspace] INFO  o.e.m.c.i.embedder.EclipseLogger - Using 'UTF-8' encoding to copy filtered properties files.
2022-03-22 18:32:55,025 [Worker-25: Building workspace] INFO  o.e.m.c.i.embedder.EclipseLogger - Copying 1 resource
2022-03-22 18:32:55,035 [Worker-25: Building workspace] INFO  o.e.m.c.i.embedder.EclipseLogger - Copying 0 resource
2022-03-22 18:32:55,038 [Worker-25: Building workspace] INFO  o.e.m.c.i.embedder.EclipseLogger - Using 'UTF-8' encoding to copy filtered resources.
2022-03-22 18:32:55,038 [Worker-25: Building workspace] INFO  o.e.m.c.i.embedder.EclipseLogger - Using 'UTF-8' encoding to copy filtered properties files.
2022-03-22 18:32:55,038 [Worker-25: Building workspace] INFO  o.e.m.c.i.embedder.EclipseLogger - skip non existing resourceDirectory C:\Users\alaa_\OneDrive\Desktop\kitchen story\kitchenstory backend\KitchenStory\src\test\resources
2022-03-22 18:33:00,692 [Worker-24: Building workspace] INFO  o.e.m.c.i.embedder.EclipseLogger - Using 'UTF-8' encoding to copy filtered resources.
2022-03-22 18:33:00,692 [Worker-24: Building workspace] INFO  o.e.m.c.i.embedder.EclipseLogger - Using 'UTF-8' encoding to copy filtered properties files.
2022-03-22 18:33:00,694 [Worker-24: Building workspace] INFO  o.e.m.c.i.embedder.EclipseLogger - Copying 1 resource
2022-03-22 18:33:00,729 [Worker-24: Building workspace] INFO  o.e.m.c.i.embedder.EclipseLogger - Copying 0 resource
2022-03-22 18:33:00,733 [Worker-24: Building workspace] INFO  o.e.m.c.i.embedder.EclipseLogger - Using 'UTF-8' encoding to copy filtered resources.
2022-03-22 18:33:00,734 [Worker-24: Building workspace] INFO  o.e.m.c.i.embedder.EclipseLogger - Using 'UTF-8' encoding to copy filtered properties files.
2022-03-22 18:33:00,734 [Worker-24: Building workspace] INFO  o.e.m.c.i.embedder.EclipseLogger - skip non existing resourceDirectory C:\Users\alaa_\OneDrive\Desktop\kitchen story\kitchenstory backend\KitchenStory\src\test\resources
2022-03-22 18:33:50,899 [Worker-0: Loading available Gradle versions] INFO  o.e.b.c.i.u.g.PublishedGradleVersions - Gradle version information cache is up-to-date. Trying to read.
2022-03-22 18:34:11,608 [Worker-5: Launching Executing clean in C__Users_alaa__OneDrive_Desktop_kitchen story_kitchenstory backend_KitchenStory] INFO  o.e.m.i.launch.MavenLaunchDelegate - C:\Users\alaa_\OneDrive\Desktop\kitchen story\kitchenstory backend\KitchenStory
2022-03-22 18:34:11,613 [Worker-5: Launching Executing clean in C__Users_alaa__OneDrive_Desktop_kitchen story_kitchenstory backend_KitchenStory] INFO  o.e.m.i.launch.MavenLaunchDelegate -  mvn -B clean -Dstyle.color=always
2022-03-22 18:34:19,104 [Worker-0: Building workspace] INFO  o.e.m.c.i.embedder.EclipseLogger - Using 'UTF-8' encoding to copy filtered resources.
2022-03-22 18:34:19,104 [Worker-0: Building workspace] INFO  o.e.m.c.i.embedder.EclipseLogger - Using 'UTF-8' encoding to copy filtered properties files.
2022-03-22 18:34:19,112 [Worker-0: Building workspace] INFO  o.e.m.c.i.embedder.EclipseLogger - Copying 1 resource
2022-03-22 18:34:19,175 [Worker-0: Building workspace] INFO  o.e.m.c.i.embedder.EclipseLogger - Copying 0 resource
2022-03-22 18:34:19,180 [Worker-0: Building workspace] INFO  o.e.m.c.i.embedder.EclipseLogger - Using 'UTF-8' encoding to copy filtered resources.
2022-03-22 18:34:19,180 [Worker-0: Building workspace] INFO  o.e.m.c.i.embedder.EclipseLogger - Using 'UTF-8' encoding to copy filtered properties files.
2022-03-22 18:34:19,181 [Worker-0: Building workspace] INFO  o.e.m.c.i.embedder.EclipseLogger - skip non existing resourceDirectory C:\Users\alaa_\OneDrive\Desktop\kitchen story\kitchenstory backend\KitchenStory\src\test\resources
2022-03-22 18:34:23,396 [Worker-0: Launching Executing test in C__Users_alaa__OneDrive_Desktop_kitchen story_kitchenstory backend_KitchenStory] INFO  o.e.m.i.launch.MavenLaunchDelegate - C:\Users\alaa_\OneDrive\Desktop\kitchen story\kitchenstory backend\KitchenStory
2022-03-22 18:34:23,396 [Worker-0: Launching Executing test in C__Users_alaa__OneDrive_Desktop_kitchen story_kitchenstory backend_KitchenStory] INFO  o.e.m.i.launch.MavenLaunchDelegate -  mvn -B test -Dstyle.color=always
2022-03-22 18:34:33,980 [Worker-9: Building workspace] INFO  o.e.m.c.i.embedder.EclipseLogger - Using 'UTF-8' encoding to copy filtered resources.
2022-03-22 18:34:33,980 [Worker-9: Building workspace] INFO  o.e.m.c.i.embedder.EclipseLogger - Using 'UTF-8' encoding to copy filtered properties files.
2022-03-22 18:34:33,996 [Worker-9: Building workspace] INFO  o.e.m.c.i.embedder.EclipseLogger - Copying 1 resource
2022-03-22 18:34:34,002 [Worker-9: Building workspace] INFO  o.e.m.c.i.embedder.EclipseLogger - Copying 0 resource
2022-03-22 18:34:34,007 [Worker-9: Building workspace] INFO  o.e.m.c.i.embedder.EclipseLogger - Using 'UTF-8' encoding to copy filtered resources.
2022-03-22 18:34:34,007 [Worker-9: Building workspace] INFO  o.e.m.c.i.embedder.EclipseLogger - Using 'UTF-8' encoding to copy filtered properties files.
2022-03-22 18:34:34,009 [Worker-9: Building workspace] INFO  o.e.m.c.i.embedder.EclipseLogger - skip non existing resourceDirectory C:\Users\alaa_\OneDrive\Desktop\kitchen story\kitchenstory backend\KitchenStory\src\test\resources
2022-03-22 19:59:42,425 [Worker-3: Launching KitchenStory - KitchenStoryApplication] INFO  o.e.m.c.i.embedder.EclipseLogger - Using 'UTF-8' encoding to copy filtered resources.
2022-03-22 19:59:42,425 [Worker-3: Launching KitchenStory - KitchenStoryApplication] INFO  o.e.m.c.i.embedder.EclipseLogger - Using 'UTF-8' encoding to copy filtered properties files.
2022-03-22 19:59:42,426 [Worker-3: Launching KitchenStory - KitchenStoryApplication] INFO  o.e.m.c.i.embedder.EclipseLogger - Copying 1 resource
2022-03-22 19:59:42,472 [Worker-3: Launching KitchenStory - KitchenStoryApplication] INFO  o.e.m.c.i.embedder.EclipseLogger - Copying 0 resource
2022-03-22 19:59:42,474 [Worker-3: Launching KitchenStory - KitchenStoryApplication] INFO  o.e.m.c.i.embedder.EclipseLogger - Using 'UTF-8' encoding to copy filtered resources.
2022-03-22 19:59:42,475 [Worker-3: Launching KitchenStory - KitchenStoryApplication] INFO  o.e.m.c.i.embedder.EclipseLogger - Using 'UTF-8' encoding to copy filtered properties files.
2022-03-22 19:59:42,475 [Worker-3: Launching KitchenStory - KitchenStoryApplication] INFO  o.e.m.c.i.embedder.EclipseLogger - skip non existing resourceDirectory C:\Users\alaa_\OneDrive\Desktop\kitchen story\kitchenstory backend\KitchenStory\src\test\resources
2022-03-22 20:01:17,921 [Worker-3: Building workspace] INFO  o.e.m.c.i.embedder.EclipseLogger - Using 'UTF-8' encoding to copy filtered resources.
2022-03-22 20:01:17,921 [Worker-3: Building workspace] INFO  o.e.m.c.i.embedder.EclipseLogger - Using 'UTF-8' encoding to copy filtered properties files.
2022-03-22 20:01:17,922 [Worker-3: Building workspace] INFO  o.e.m.c.i.embedder.EclipseLogger - Copying 1 resource
2022-03-22 20:01:17,925 [Worker-3: Building workspace] INFO  o.e.m.c.i.embedder.EclipseLogger - Copying 0 resource
2022-03-22 20:01:17,929 [Worker-3: Building workspace] INFO  o.e.m.c.i.embedder.EclipseLogger - Using 'UTF-8' encoding to copy filtered resources.
2022-03-22 20:01:17,929 [Worker-3: Building workspace] INFO  o.e.m.c.i.embedder.EclipseLogger - Using 'UTF-8' encoding to copy filtered properties files.
2022-03-22 20:01:17,929 [Worker-3: Building workspace] INFO  o.e.m.c.i.embedder.EclipseLogger - skip non existing resourceDirectory C:\Users\alaa_\OneDrive\Desktop\kitchen story\kitchenstory backend\KitchenStory\src\test\resources
2022-03-22 20:01:22,778 [Worker-23: Launching Executing clean in C__Users_alaa__OneDrive_Desktop_kitchen story_kitchenstory backend_KitchenStory] INFO  o.e.m.i.launch.MavenLaunchDelegate - C:\Users\alaa_\OneDrive\Desktop\kitchen story\kitchenstory backend\KitchenStory
2022-03-22 20:01:22,778 [Worker-23: Launching Executing clean in C__Users_alaa__OneDrive_Desktop_kitchen story_kitchenstory backend_KitchenStory] INFO  o.e.m.i.launch.MavenLaunchDelegate -  mvn -B clean -Dstyle.color=always
2022-03-22 20:01:30,657 [Worker-16: Building workspace] INFO  o.e.m.c.i.embedder.EclipseLogger - Using 'UTF-8' encoding to copy filtered resources.
2022-03-22 20:01:30,658 [Worker-16: Building workspace] INFO  o.e.m.c.i.embedder.EclipseLogger - Using 'UTF-8' encoding to copy filtered properties files.
2022-03-22 20:01:30,659 [Worker-16: Building workspace] INFO  o.e.m.c.i.embedder.EclipseLogger - Copying 1 resource
2022-03-22 20:01:30,671 [Worker-16: Building workspace] INFO  o.e.m.c.i.embedder.EclipseLogger - Copying 0 resource
2022-03-22 20:01:30,694 [Worker-16: Building workspace] INFO  o.e.m.c.i.embedder.EclipseLogger - Using 'UTF-8' encoding to copy filtered resources.
2022-03-22 20:01:30,695 [Worker-16: Building workspace] INFO  o.e.m.c.i.embedder.EclipseLogger - Using 'UTF-8' encoding to copy filtered properties files.
2022-03-22 20:01:30,695 [Worker-16: Building workspace] INFO  o.e.m.c.i.embedder.EclipseLogger - skip non existing resourceDirectory C:\Users\alaa_\OneDrive\Desktop\kitchen story\kitchenstory backend\KitchenStory\src\test\resources
2022-03-22 20:01:34,560 [Worker-20: Launching Executing install in C__Users_alaa__OneDrive_Desktop_kitchen story_kitchenstory backend_KitchenStory] INFO  o.e.m.i.launch.MavenLaunchDelegate - C:\Users\alaa_\OneDrive\Desktop\kitchen story\kitchenstory backend\KitchenStory
2022-03-22 20:01:34,560 [Worker-20: Launching Executing install in C__Users_alaa__OneDrive_Desktop_kitchen story_kitchenstory backend_KitchenStory] INFO  o.e.m.i.launch.MavenLaunchDelegate -  mvn -B install -Dstyle.color=always
2022-03-22 20:01:56,867 [Worker-16: Building workspace] INFO  o.e.m.c.i.embedder.EclipseLogger - Using 'UTF-8' encoding to copy filtered resources.
2022-03-22 20:01:56,867 [Worker-16: Building workspace] INFO  o.e.m.c.i.embedder.EclipseLogger - Using 'UTF-8' encoding to copy filtered properties files.
2022-03-22 20:01:56,870 [Worker-16: Building workspace] INFO  o.e.m.c.i.embedder.EclipseLogger - Copying 1 resource
2022-03-22 20:01:56,873 [Worker-16: Building workspace] INFO  o.e.m.c.i.embedder.EclipseLogger - Copying 0 resource
2022-03-22 20:01:56,876 [Worker-16: Building workspace] INFO  o.e.m.c.i.embedder.EclipseLogger - Using 'UTF-8' encoding to copy filtered resources.
2022-03-22 20:01:56,876 [Worker-16: Building workspace] INFO  o.e.m.c.i.embedder.EclipseLogger - Using 'UTF-8' encoding to copy filtered properties files.
2022-03-22 20:01:56,876 [Worker-16: Building workspace] INFO  o.e.m.c.i.embedder.EclipseLogger - skip non existing resourceDirectory C:\Users\alaa_\OneDrive\Desktop\kitchen story\kitchenstory backend\KitchenStory\src\test\resources
2022-03-22 22:15:05,494 [Worker-57: Launching KitchenStory - KitchenStoryApplication] INFO  o.e.m.c.i.embedder.EclipseLogger - Using 'UTF-8' encoding to copy filtered resources.
2022-03-22 22:15:05,494 [Worker-57: Launching KitchenStory - KitchenStoryApplication] INFO  o.e.m.c.i.embedder.EclipseLogger - Using 'UTF-8' encoding to copy filtered properties files.
2022-03-22 22:15:05,496 [Worker-57: Launching KitchenStory - KitchenStoryApplication] INFO  o.e.m.c.i.embedder.EclipseLogger - Copying 1 resource
2022-03-22 22:15:05,607 [Worker-57: Launching KitchenStory - KitchenStoryApplication] INFO  o.e.m.c.i.embedder.EclipseLogger - Copying 0 resource
2022-03-22 22:15:05,611 [Worker-57: Launching KitchenStory - KitchenStoryApplication] INFO  o.e.m.c.i.embedder.EclipseLogger - Using 'UTF-8' encoding to copy filtered resources.
2022-03-22 22:15:05,612 [Worker-57: Launching KitchenStory - KitchenStoryApplication] INFO  o.e.m.c.i.embedder.EclipseLogger - Using 'UTF-8' encoding to copy filtered properties files.
2022-03-22 22:15:05,612 [Worker-57: Launching KitchenStory - KitchenStoryApplication] INFO  o.e.m.c.i.embedder.EclipseLogger - skip non existing resourceDirectory C:\Users\alaa_\OneDrive\Desktop\kitchen story\kitchenstory backend\KitchenStory\src\test\resources
2022-03-23 17:23:58,680 [Worker-3: Loading available Gradle versions] INFO  o.e.b.c.i.u.g.PublishedGradleVersions - Gradle version information cache is up-to-date. Trying to read.
2022-03-24 16:02:48,509 [Worker-2: Loading available Gradle versions] INFO  o.e.b.c.i.u.g.PublishedGradleVersions - Gradle version information cache is out-of-date. Trying to update.
2022-03-24 16:04:09,407 [Worker-0: Launching KitchenStory - KitchenStoryApplication] INFO  o.e.m.c.i.embedder.EclipseLogger - Using 'UTF-8' encoding to copy filtered resources.
2022-03-24 16:04:09,443 [Worker-0: Launching KitchenStory - KitchenStoryApplication] INFO  o.e.m.c.i.embedder.EclipseLogger - Using 'UTF-8' encoding to copy filtered properties files.
2022-03-24 16:04:09,448 [Worker-0: Launching KitchenStory - KitchenStoryApplication] INFO  o.e.m.c.i.embedder.EclipseLogger - Copying 1 resource
2022-03-24 16:04:09,546 [Worker-0: Launching KitchenStory - KitchenStoryApplication] INFO  o.e.m.c.i.embedder.EclipseLogger - Copying 0 resource
2022-03-24 16:04:09,552 [Worker-0: Launching KitchenStory - KitchenStoryApplication] INFO  o.e.m.c.i.embedder.EclipseLogger - Using 'UTF-8' encoding to copy filtered resources.
2022-03-24 16:04:09,552 [Worker-0: Launching KitchenStory - KitchenStoryApplication] INFO  o.e.m.c.i.embedder.EclipseLogger - Using 'UTF-8' encoding to copy filtered properties files.
2022-03-24 16:04:09,553 [Worker-0: Launching KitchenStory - KitchenStoryApplication] INFO  o.e.m.c.i.embedder.EclipseLogger - skip non existing resourceDirectory C:\Users\alaa_\OneDrive\Desktop\kitchen story\kitchenstory backend\KitchenStory\src\test\resources
2022-03-24 16:05:24,347 [Worker-0: Building workspace] INFO  o.e.m.c.i.embedder.EclipseLogger - Using 'UTF-8' encoding to copy filtered resources.
2022-03-24 16:05:24,347 [Worker-0: Building workspace] INFO  o.e.m.c.i.embedder.EclipseLogger - Using 'UTF-8' encoding to copy filtered properties files.
2022-03-24 16:05:24,347 [Worker-0: Building workspace] INFO  o.e.m.c.i.embedder.EclipseLogger - Copying 1 resource
2022-03-24 16:05:24,363 [Worker-0: Building workspace] INFO  o.e.m.c.i.embedder.EclipseLogger - Copying 0 resource
2022-03-24 16:05:24,363 [Worker-0: Building workspace] INFO  o.e.m.c.i.embedder.EclipseLogger - Using 'UTF-8' encoding to copy filtered resources.
2022-03-24 16:05:24,363 [Worker-0: Building workspace] INFO  o.e.m.c.i.embedder.EclipseLogger - Using 'UTF-8' encoding to copy filtered properties files.
2022-03-24 16:05:24,363 [Worker-0: Building workspace] INFO  o.e.m.c.i.embedder.EclipseLogger - skip non existing resourceDirectory C:\Users\alaa_\OneDrive\Desktop\kitchen story\kitchenstory backend\KitchenStory\src\test\resources
2022-03-24 16:05:29,980 [Worker-8: Launching Executing clean in C__Users_alaa__OneDrive_Desktop_kitchen story_kitchenstory backend_KitchenStory] INFO  o.e.m.i.launch.MavenLaunchDelegate - C:\Users\alaa_\OneDrive\Desktop\kitchen story\kitchenstory backend\KitchenStory
2022-03-24 16:05:29,980 [Worker-8: Launching Executing clean in C__Users_alaa__OneDrive_Desktop_kitchen story_kitchenstory backend_KitchenStory] INFO  o.e.m.i.launch.MavenLaunchDelegate -  mvn -B clean -Dstyle.color=always
2022-03-24 16:05:35,072 [Worker-1: Building workspace] INFO  o.e.m.c.i.embedder.EclipseLogger - Using 'UTF-8' encoding to copy filtered resources.
2022-03-24 16:05:35,072 [Worker-1: Building workspace] INFO  o.e.m.c.i.embedder.EclipseLogger - Using 'UTF-8' encoding to copy filtered properties files.
2022-03-24 16:05:35,087 [Worker-1: Building workspace] INFO  o.e.m.c.i.embedder.EclipseLogger - Copying 1 resource
2022-03-24 16:05:35,087 [Worker-1: Building workspace] INFO  o.e.m.c.i.embedder.EclipseLogger - Copying 0 resource
2022-03-24 16:05:35,087 [Worker-1: Building workspace] INFO  o.e.m.c.i.embedder.EclipseLogger - Using 'UTF-8' encoding to copy filtered resources.
2022-03-24 16:05:35,087 [Worker-1: Building workspace] INFO  o.e.m.c.i.embedder.EclipseLogger - Using 'UTF-8' encoding to copy filtered properties files.
2022-03-24 16:05:35,087 [Worker-1: Building workspace] INFO  o.e.m.c.i.embedder.EclipseLogger - skip non existing resourceDirectory C:\Users\alaa_\OneDrive\Desktop\kitchen story\kitchenstory backend\KitchenStory\src\test\resources
2022-03-24 16:05:38,376 [Worker-7: Launching Executing install in C__Users_alaa__OneDrive_Desktop_kitchen story_kitchenstory backend_KitchenStory] INFO  o.e.m.i.launch.MavenLaunchDelegate - C:\Users\alaa_\OneDrive\Desktop\kitchen story\kitchenstory backend\KitchenStory
2022-03-24 16:05:38,376 [Worker-7: Launching Executing install in C__Users_alaa__OneDrive_Desktop_kitchen story_kitchenstory backend_KitchenStory] INFO  o.e.m.i.launch.MavenLaunchDelegate -  mvn -B install -Dstyle.color=always
2022-03-24 16:05:57,323 [Worker-0: Building workspace] INFO  o.e.m.c.i.embedder.EclipseLogger - Using 'UTF-8' encoding to copy filtered resources.
2022-03-24 16:05:57,323 [Worker-0: Building workspace] INFO  o.e.m.c.i.embedder.EclipseLogger - Using 'UTF-8' encoding to copy filtered properties files.
2022-03-24 16:05:57,323 [Worker-0: Building workspace] INFO  o.e.m.c.i.embedder.EclipseLogger - Copying 1 resource
2022-03-24 16:05:57,338 [Worker-0: Building workspace] INFO  o.e.m.c.i.embedder.EclipseLogger - Copying 0 resource
2022-03-24 16:05:57,338 [Worker-0: Building workspace] INFO  o.e.m.c.i.embedder.EclipseLogger - Using 'UTF-8' encoding to copy filtered resources.
2022-03-24 16:05:57,338 [Worker-0: Building workspace] INFO  o.e.m.c.i.embedder.EclipseLogger - Using 'UTF-8' encoding to copy filtered properties files.
2022-03-24 16:05:57,338 [Worker-0: Building workspace] INFO  o.e.m.c.i.embedder.EclipseLogger - skip non existing resourceDirectory C:\Users\alaa_\OneDrive\Desktop\kitchen story\kitchenstory backend\KitchenStory\src\test\resources
